# JRE version: OpenJDK Runtime Environment AdoptOpenJDK (11.0.8+10) (build 11.0.8+10)
# Java VM: OpenJDK 64-Bit Server VM AdoptOpenJDK (11.0.8+10, mixed mode, tiered, compressed oops, parallel gc, windows-amd64)
Heap:
 PSYoungGen      total 20992K, used 3620K [0x00000000eab00000, 0x00000000ec380000, 0x0000000100000000)
  eden space 18432K, 18% used [0x00000000eab00000,0x00000000eae49310,0x00000000ebd00000)
  from space 2560K, 10% used [0x00000000ebf00000,0x00000000ebf40000,0x00000000ec180000)
  to   space 1024K, 0% used [0x00000000ec280000,0x00000000ec280000,0x00000000ec380000)
 ParOldGen       total 68608K, used 26362K [0x00000000c0000000, 0x00000000c4300000, 0x00000000eab00000)
  object space 68608K, 38% used [0x00000000c0000000,0x00000000c19be838,0x00000000c4300000)
 Metaspace       used 40106K, capacity 42176K, committed 42456K, reserved 1087488K
  class space    used 3781K, capacity 4530K, committed 4608K, reserved 1048576K
GC Heap History (20 events):
Event: 7.480 GC heap before
{Heap before GC invocations=12 (full 1):
 PSYoungGen      total 26112K, used 25728K [0x00000000eab00000, 0x00000000eca80000, 0x0000000100000000)
  eden space 22016K, 100% used [0x00000000eab00000,0x00000000ec080000,0x00000000ec080000)
  from space 4096K, 90% used [0x00000000ec680000,0x00000000eca20010,0x00000000eca80000)
  to   space 4608K, 0% used [0x00000000ec180000,0x00000000ec180000,0x00000000ec600000)
 ParOldGen       total 68608K, used 12125K [0x00000000c0000000, 0x00000000c4300000, 0x00000000eab00000)
  object space 68608K, 17% used [0x00000000c0000000,0x00000000c0bd7598,0x00000000c4300000)
 Metaspace       used 31229K, capacity 33023K, committed 33152K, reserved 1079296K
  class space    used 3001K, capacity 3677K, committed 3712K, reserved 1048576K
}
Event: 7.503 GC heap after
{Heap after GC invocations=12 (full 1):
 PSYoungGen      total 24576K, used 2272K [0x00000000eab00000, 0x00000000ec700000, 0x0000000100000000)
  eden space 22016K, 0% used [0x00000000eab00000,0x00000000eab00000,0x00000000ec080000)
  from space 2560K, 88% used [0x00000000ec180000,0x00000000ec3b8010,0x00000000ec400000)
  to   space 3072K, 0% used [0x00000000ec400000,0x00000000ec400000,0x00000000ec700000)
 ParOldGen       total 68608K, used 15784K [0x00000000c0000000, 0x00000000c4300000, 0x00000000eab00000)
  object space 68608K, 23% used [0x00000000c0000000,0x00000000c0f6a0c0,0x00000000c4300000)
 Metaspace       used 31229K, capacity 33023K, committed 33152K, reserved 1079296K
  class space    used 3001K, capacity 3677K, committed 3712K, reserved 1048576K
}
Event: 7.596 GC heap before
{Heap before GC invocations=13 (full 1):
 PSYoungGen      total 24576K, used 24288K [0x00000000eab00000, 0x00000000ec700000, 0x0000000100000000)
  eden space 22016K, 100% used [0x00000000eab00000,0x00000000ec080000,0x00000000ec080000)
  from space 2560K, 88% used [0x00000000ec180000,0x00000000ec3b8010,0x00000000ec400000)
  to   space 3072K, 0% used [0x00000000ec400000,0x00000000ec400000,0x00000000ec700000)
 ParOldGen       total 68608K, used 15784K [0x00000000c0000000, 0x00000000c4300000, 0x00000000eab00000)
  object space 68608K, 23% used [0x00000000c0000000,0x00000000c0f6a0c0,0x00000000c4300000)
 Metaspace       used 31230K, capacity 33023K, committed 33152K, reserved 1079296K
  class space    used 3001K, capacity 3677K, committed 3712K, reserved 1048576K
}
Event: 7.631 GC heap after
{Heap after GC invocations=13 (full 1):
 PSYoungGen      total 24576K, used 2176K [0x00000000eab00000, 0x00000000ec680000, 0x0000000100000000)
  eden space 22016K, 0% used [0x00000000eab00000,0x00000000eab00000,0x00000000ec080000)
  from space 2560K, 85% used [0x00000000ec400000,0x00000000ec620010,0x00000000ec680000)
  to   space 2560K, 0% used [0x00000000ec180000,0x00000000ec180000,0x00000000ec400000)
 ParOldGen       total 68608K, used 18031K [0x00000000c0000000, 0x00000000c4300000, 0x00000000eab00000)
  object space 68608K, 26% used [0x00000000c0000000,0x00000000c119bf20,0x00000000c4300000)
 Metaspace       used 31230K, capacity 33023K, committed 33152K, reserved 1079296K
  class space    used 3001K, capacity 3677K, committed 3712K, reserved 1048576K
}
Event: 7.800 GC heap before
{Heap before GC invocations=14 (full 1):
 PSYoungGen      total 24576K, used 24192K [0x00000000eab00000, 0x00000000ec680000, 0x0000000100000000)
  eden space 22016K, 100% used [0x00000000eab00000,0x00000000ec080000,0x00000000ec080000)
  from space 2560K, 85% used [0x00000000ec400000,0x00000000ec620010,0x00000000ec680000)
  to   space 2560K, 0% used [0x00000000ec180000,0x00000000ec180000,0x00000000ec400000)
 ParOldGen       total 68608K, used 18031K [0x00000000c0000000, 0x00000000c4300000, 0x00000000eab00000)
  object space 68608K, 26% used [0x00000000c0000000,0x00000000c119bf20,0x00000000c4300000)
 Metaspace       used 31230K, capacity 33023K, committed 33152K, reserved 1079296K
  class space    used 3001K, capacity 3677K, committed 3712K, reserved 1048576K
}
Event: 7.815 GC heap after
{Heap after GC invocations=14 (full 1):
 PSYoungGen      total 24064K, used 1888K [0x00000000eab00000, 0x00000000ec480000, 0x0000000100000000)
  eden space 22016K, 0% used [0x00000000eab00000,0x00000000eab00000,0x00000000ec080000)
  from space 2048K, 92% used [0x00000000ec180000,0x00000000ec358000,0x00000000ec380000)
  to   space 1024K, 0% used [0x00000000ec380000,0x00000000ec380000,0x00000000ec480000)
 ParOldGen       total 68608K, used 20167K [0x00000000c0000000, 0x00000000c4300000, 0x00000000eab00000)
  object space 68608K, 29% used [0x00000000c0000000,0x00000000c13b1f30,0x00000000c4300000)
 Metaspace       used 31230K, capacity 33023K, committed 33152K, reserved 1079296K
  class space    used 3001K, capacity 3677K, committed 3712K, reserved 1048576K
}
Event: 8.285 GC heap before
{Heap before GC invocations=15 (full 1):
 PSYoungGen      total 24064K, used 23904K [0x00000000eab00000, 0x00000000ec480000, 0x0000000100000000)
  eden space 22016K, 100% used [0x00000000eab00000,0x00000000ec080000,0x00000000ec080000)
  from space 2048K, 92% used [0x00000000ec180000,0x00000000ec358000,0x00000000ec380000)
  to   space 1024K, 0% used [0x00000000ec380000,0x00000000ec380000,0x00000000ec480000)
 ParOldGen       total 68608K, used 20167K [0x00000000c0000000, 0x00000000c4300000, 0x00000000eab00000)
  object space 68608K, 29% used [0x00000000c0000000,0x00000000c13b1f30,0x00000000c4300000)
 Metaspace       used 31805K, capacity 33787K, committed 34048K, reserved 1079296K
  class space    used 3041K, capacity 3782K, committed 3840K, reserved 1048576K
}
Event: 8.295 GC heap after
{Heap after GC invocations=15 (full 1):
 PSYoungGen      total 19456K, used 1024K [0x00000000eab00000, 0x00000000ecd80000, 0x0000000100000000)
  eden space 18432K, 0% used [0x00000000eab00000,0x00000000eab00000,0x00000000ebd00000)
  from space 1024K, 100% used [0x00000000ec380000,0x00000000ec480000,0x00000000ec480000)
  to   space 6656K, 0% used [0x00000000ebd00000,0x00000000ebd00000,0x00000000ec380000)
 ParOldGen       total 68608K, used 24770K [0x00000000c0000000, 0x00000000c4300000, 0x00000000eab00000)
  object space 68608K, 36% used [0x00000000c0000000,0x00000000c1830988,0x00000000c4300000)
 Metaspace       used 31805K, capacity 33787K, committed 34048K, reserved 1079296K
  class space    used 3041K, capacity 3782K, committed 3840K, reserved 1048576K
}
Event: 8.510 GC heap before
{Heap before GC invocations=16 (full 1):
 PSYoungGen      total 19456K, used 17210K [0x00000000eab00000, 0x00000000ecd80000, 0x0000000100000000)
  eden space 18432K, 87% used [0x00000000eab00000,0x00000000ebaceb68,0x00000000ebd00000)
  from space 1024K, 100% used [0x00000000ec380000,0x00000000ec480000,0x00000000ec480000)
  to   space 6656K, 0% used [0x00000000ebd00000,0x00000000ebd00000,0x00000000ec380000)
 ParOldGen       total 68608K, used 24770K [0x00000000c0000000, 0x00000000c4300000, 0x00000000eab00000)
  object space 68608K, 36% used [0x00000000c0000000,0x00000000c1830988,0x00000000c4300000)
 Metaspace       used 33289K, capacity 35247K, committed 35416K, reserved 1081344K
  class space    used 3152K, capacity 3882K, committed 3968K, reserved 1048576K
}
Event: 8.512 GC heap after
{Heap after GC invocations=16 (full 1):
 PSYoungGen      total 25088K, used 965K [0x00000000eab00000, 0x00000000ec680000, 0x0000000100000000)
  eden space 18432K, 0% used [0x00000000eab00000,0x00000000eab00000,0x00000000ebd00000)
  from space 6656K, 14% used [0x00000000ebd00000,0x00000000ebdf1450,0x00000000ec380000)
  to   space 3072K, 0% used [0x00000000ec380000,0x00000000ec380000,0x00000000ec680000)
 ParOldGen       total 68608K, used 25834K [0x00000000c0000000, 0x00000000c4300000, 0x00000000eab00000)
  object space 68608K, 37% used [0x00000000c0000000,0x00000000c193a988,0x00000000c4300000)
 Metaspace       used 33289K, capacity 35247K, committed 35416K, reserved 1081344K
  class space    used 3152K, capacity 3882K, committed 3968K, reserved 1048576K
}
Event: 8.512 GC heap before
{Heap before GC invocations=17 (full 2):
 PSYoungGen      total 25088K, used 965K [0x00000000eab00000, 0x00000000ec680000, 0x0000000100000000)
  eden space 18432K, 0% used [0x00000000eab00000,0x00000000eab00000,0x00000000ebd00000)
  from space 6656K, 14% used [0x00000000ebd00000,0x00000000ebdf1450,0x00000000ec380000)
  to   space 3072K, 0% used [0x00000000ec380000,0x00000000ec380000,0x00000000ec680000)
 ParOldGen       total 68608K, used 25834K [0x00000000c0000000, 0x00000000c4300000, 0x00000000eab00000)
  object space 68608K, 37% used [0x00000000c0000000,0x00000000c193a988,0x00000000c4300000)
 Metaspace       used 33289K, capacity 35247K, committed 35416K, reserved 1081344K
  class space    used 3152K, capacity 3882K, committed 3968K, reserved 1048576K
}
Event: 8.670 GC heap after
{Heap after GC invocations=17 (full 2):
 PSYoungGen      total 25088K, used 0K [0x00000000eab00000, 0x00000000ec680000, 0x0000000100000000)
  eden space 18432K, 0% used [0x00000000eab00000,0x00000000eab00000,0x00000000ebd00000)
  from space 6656K, 0% used [0x00000000ebd00000,0x00000000ebd00000,0x00000000ec380000)
  to   space 3072K, 0% used [0x00000000ec380000,0x00000000ec380000,0x00000000ec680000)
 ParOldGen       total 68608K, used 24365K [0x00000000c0000000, 0x00000000c4300000, 0x00000000eab00000)
  object space 68608K, 35% used [0x00000000c0000000,0x00000000c17cb648,0x00000000c4300000)
 Metaspace       used 33289K, capacity 35247K, committed 35416K, reserved 1081344K
  class space    used 3152K, capacity 3882K, committed 3968K, reserved 1048576K
}
Event: 9.032 GC heap before
{Heap before GC invocations=18 (full 2):
 PSYoungGen      total 25088K, used 18432K [0x00000000eab00000, 0x00000000ec680000, 0x0000000100000000)
  eden space 18432K, 100% used [0x00000000eab00000,0x00000000ebd00000,0x00000000ebd00000)
  from space 6656K, 0% used [0x00000000ebd00000,0x00000000ebd00000,0x00000000ec380000)
  to   space 3072K, 0% used [0x00000000ec380000,0x00000000ec380000,0x00000000ec680000)
 ParOldGen       total 68608K, used 24365K [0x00000000c0000000, 0x00000000c4300000, 0x00000000eab00000)
  object space 68608K, 35% used [0x00000000c0000000,0x00000000c17cb648,0x00000000c4300000)
 Metaspace       used 34186K, capacity 36183K, committed 36568K, reserved 1081344K
  class space    used 3258K, capacity 3983K, committed 4096K, reserved 1048576K
}
Event: 9.033 GC heap after
{Heap after GC invocations=18 (full 2):
 PSYoungGen      total 18944K, used 288K [0x00000000eab00000, 0x00000000ec400000, 0x0000000100000000)
  eden space 18432K, 0% used [0x00000000eab00000,0x00000000eab00000,0x00000000ebd00000)
  from space 512K, 56% used [0x00000000ec380000,0x00000000ec3c8000,0x00000000ec400000)
  to   space 1024K, 0% used [0x00000000ec200000,0x00000000ec200000,0x00000000ec300000)
 ParOldGen       total 68608K, used 24373K [0x00000000c0000000, 0x00000000c4300000, 0x00000000eab00000)
  object space 68608K, 35% used [0x00000000c0000000,0x00000000c17cd648,0x00000000c4300000)
 Metaspace       used 34186K, capacity 36183K, committed 36568K, reserved 1081344K
  class space    used 3258K, capacity 3983K, committed 4096K, reserved 1048576K
}
Event: 10.052 GC heap before
{Heap before GC invocations=19 (full 2):
 PSYoungGen      total 18944K, used 18720K [0x00000000eab00000, 0x00000000ec400000, 0x0000000100000000)
  eden space 18432K, 100% used [0x00000000eab00000,0x00000000ebd00000,0x00000000ebd00000)
  from space 512K, 56% used [0x00000000ec380000,0x00000000ec3c8000,0x00000000ec400000)
  to   space 1024K, 0% used [0x00000000ec200000,0x00000000ec200000,0x00000000ec300000)
 ParOldGen       total 68608K, used 24373K [0x00000000c0000000, 0x00000000c4300000, 0x00000000eab00000)
  object space 68608K, 35% used [0x00000000c0000000,0x00000000c17cd648,0x00000000c4300000)
 Metaspace       used 36659K, capacity 38719K, committed 38872K, reserved 1083392K
  class space    used 3488K, capacity 4232K, committed 4352K, reserved 1048576K
}
Event: 10.055 GC heap after
{Heap after GC invocations=19 (full 2):
 PSYoungGen      total 19456K, used 992K [0x00000000eab00000, 0x00000000ec400000, 0x0000000100000000)
  eden space 18432K, 0% used [0x00000000eab00000,0x00000000eab00000,0x00000000ebd00000)
  from space 1024K, 96% used [0x00000000ec200000,0x00000000ec2f8030,0x00000000ec300000)
  to   space 1024K, 0% used [0x00000000ec300000,0x00000000ec300000,0x00000000ec400000)
 ParOldGen       total 68608K, used 24701K [0x00000000c0000000, 0x00000000c4300000, 0x00000000eab00000)
  object space 68608K, 36% used [0x00000000c0000000,0x00000000c181f648,0x00000000c4300000)
 Metaspace       used 36659K, capacity 38719K, committed 38872K, reserved 1083392K
  class space    used 3488K, capacity 4232K, committed 4352K, reserved 1048576K
}
Event: 10.404 GC heap before
{Heap before GC invocations=20 (full 2):
 PSYoungGen      total 19456K, used 19424K [0x00000000eab00000, 0x00000000ec400000, 0x0000000100000000)
  eden space 18432K, 100% used [0x00000000eab00000,0x00000000ebd00000,0x00000000ebd00000)
  from space 1024K, 96% used [0x00000000ec200000,0x00000000ec2f8030,0x00000000ec300000)
  to   space 1024K, 0% used [0x00000000ec300000,0x00000000ec300000,0x00000000ec400000)
 ParOldGen       total 68608K, used 24701K [0x00000000c0000000, 0x00000000c4300000, 0x00000000eab00000)
  object space 68608K, 36% used [0x00000000c0000000,0x00000000c181f648,0x00000000c4300000)
 Metaspace       used 38142K, capacity 40236K, committed 40408K, reserved 1085440K
  class space    used 3596K, capacity 4332K, committed 4352K, reserved 1048576K
}
Event: 10.407 GC heap after
{Heap after GC invocations=20 (full 2):
 PSYoungGen      total 19456K, used 1010K [0x00000000eab00000, 0x00000000ec400000, 0x0000000100000000)
  eden space 18432K, 0% used [0x00000000eab00000,0x00000000eab00000,0x00000000ebd00000)
  from space 1024K, 98% used [0x00000000ec300000,0x00000000ec3fc988,0x00000000ec400000)
  to   space 2560K, 0% used [0x00000000ebf00000,0x00000000ebf00000,0x00000000ec180000)
 ParOldGen       total 68608K, used 25900K [0x00000000c0000000, 0x00000000c4300000, 0x00000000eab00000)
  object space 68608K, 37% used [0x00000000c0000000,0x00000000c194b378,0x00000000c4300000)
 Metaspace       used 38142K, capacity 40236K, committed 40408K, reserved 1085440K
  class space    used 3596K, capacity 4332K, committed 4352K, reserved 1048576K
}
Event: 10.636 GC heap before
{Heap before GC invocations=21 (full 2):
 PSYoungGen      total 19456K, used 19442K [0x00000000eab00000, 0x00000000ec400000, 0x0000000100000000)
  eden space 18432K, 100% used [0x00000000eab00000,0x00000000ebd00000,0x00000000ebd00000)
  from space 1024K, 98% used [0x00000000ec300000,0x00000000ec3fc988,0x00000000ec400000)
  to   space 2560K, 0% used [0x00000000ebf00000,0x00000000ebf00000,0x00000000ec180000)
 ParOldGen       total 68608K, used 25900K [0x00000000c0000000, 0x00000000c4300000, 0x00000000eab00000)
  object space 68608K, 37% used [0x00000000c0000000,0x00000000c194b378,0x00000000c4300000)
 Metaspace       used 39853K, capacity 41947K, committed 42200K, reserved 1087488K
  class space    used 3762K, capacity 4497K, committed 4608K, reserved 1048576K
}
Event: 10.638 GC heap after
{Heap after GC invocations=21 (full 2):
 PSYoungGen      total 20992K, used 256K [0x00000000eab00000, 0x00000000ec380000, 0x0000000100000000)
  eden space 18432K, 0% used [0x00000000eab00000,0x00000000eab00000,0x00000000ebd00000)
  from space 2560K, 10% used [0x00000000ebf00000,0x00000000ebf40000,0x00000000ec180000)
  to   space 1024K, 0% used [0x00000000ec280000,0x00000000ec280000,0x00000000ec380000)
 ParOldGen       total 68608K, used 26362K [0x00000000c0000000, 0x00000000c4300000, 0x00000000eab00000)
  object space 68608K, 38% used [0x00000000c0000000,0x00000000c19be838,0x00000000c4300000)
 Metaspace       used 39853K, capacity 41947K, committed 42200K, reserved 1087488K
  class space    used 3762K, capacity 4497K, committed 4608K, reserved 1048576K
}

