# JRE version: OpenJDK Runtime Environment AdoptOpenJDK (11.0.8+10) (build 11.0.8+10)
# Java VM: OpenJDK 64-Bit Server VM AdoptOpenJDK (11.0.8+10, mixed mode, tiered, compressed oops, parallel gc, windows-amd64)
Heap:
 PSYoungGen      total 20480K, used 133K [0x00000000eab00000, 0x00000000ec180000, 0x0000000100000000)
  eden space 19968K, 0% used [0x00000000eab00000,0x00000000eab214a8,0x00000000ebe80000)
  from space 512K, 0% used [0x00000000ebe80000,0x00000000ebe80000,0x00000000ebf00000)
  to   space 1024K, 0% used [0x00000000ec080000,0x00000000ec080000,0x00000000ec180000)
 ParOldGen       total 68608K, used 31306K [0x00000000c0000000, 0x00000000c4300000, 0x00000000eab00000)
  object space 68608K, 45% used [0x00000000c0000000,0x00000000c1e92bd8,0x00000000c4300000)
 Metaspace       used 33262K, capacity 35355K, committed 35752K, reserved 1081344K
  class space    used 3151K, capacity 3878K, committed 4016K, reserved 1048576K
GC Heap History (20 events):
Event: 7.596 GC heap before
{Heap before GC invocations=10 (full 1):
 PSYoungGen      total 25088K, used 25083K [0x00000000eab00000, 0x00000000ec980000, 0x0000000100000000)
  eden space 23552K, 100% used [0x00000000eab00000,0x00000000ec200000,0x00000000ec200000)
  from space 1536K, 99% used [0x00000000ec800000,0x00000000ec97ef30,0x00000000ec980000)
  to   space 3584K, 0% used [0x00000000ec280000,0x00000000ec280000,0x00000000ec600000)
 ParOldGen       total 68608K, used 14792K [0x00000000c0000000, 0x00000000c4300000, 0x00000000eab00000)
  object space 68608K, 21% used [0x00000000c0000000,0x00000000c0e72018,0x00000000c4300000)
 Metaspace       used 30934K, capacity 32798K, committed 32944K, reserved 1079296K
  class space    used 2987K, capacity 3709K, committed 3760K, reserved 1048576K
}
Event: 7.602 GC heap after
{Heap after GC invocations=10 (full 1):
 PSYoungGen      total 25600K, used 2171K [0x00000000eab00000, 0x00000000ec880000, 0x0000000100000000)
  eden space 23040K, 0% used [0x00000000eab00000,0x00000000eab00000,0x00000000ec180000)
  from space 2560K, 84% used [0x00000000ec280000,0x00000000ec49ed30,0x00000000ec500000)
  to   space 3072K, 0% used [0x00000000ec580000,0x00000000ec580000,0x00000000ec880000)
 ParOldGen       total 68608K, used 16069K [0x00000000c0000000, 0x00000000c4300000, 0x00000000eab00000)
  object space 68608K, 23% used [0x00000000c0000000,0x00000000c0fb1618,0x00000000c4300000)
 Metaspace       used 30934K, capacity 32798K, committed 32944K, reserved 1079296K
  class space    used 2987K, capacity 3709K, committed 3760K, reserved 1048576K
}
Event: 7.810 GC heap before
{Heap before GC invocations=11 (full 1):
 PSYoungGen      total 25600K, used 25211K [0x00000000eab00000, 0x00000000ec880000, 0x0000000100000000)
  eden space 23040K, 100% used [0x00000000eab00000,0x00000000ec180000,0x00000000ec180000)
  from space 2560K, 84% used [0x00000000ec280000,0x00000000ec49ed30,0x00000000ec500000)
  to   space 3072K, 0% used [0x00000000ec580000,0x00000000ec580000,0x00000000ec880000)
 ParOldGen       total 68608K, used 16069K [0x00000000c0000000, 0x00000000c4300000, 0x00000000eab00000)
  object space 68608K, 23% used [0x00000000c0000000,0x00000000c0fb1618,0x00000000c4300000)
 Metaspace       used 31035K, capacity 32927K, committed 33200K, reserved 1079296K
  class space    used 2991K, capacity 3709K, committed 3760K, reserved 1048576K
}
Event: 7.822 GC heap after
{Heap after GC invocations=11 (full 1):
 PSYoungGen      total 25600K, used 3040K [0x00000000eab00000, 0x00000000eca00000, 0x0000000100000000)
  eden space 22528K, 0% used [0x00000000eab00000,0x00000000eab00000,0x00000000ec100000)
  from space 3072K, 98% used [0x00000000ec580000,0x00000000ec878020,0x00000000ec880000)
  to   space 4608K, 0% used [0x00000000ec100000,0x00000000ec100000,0x00000000ec580000)
 ParOldGen       total 68608K, used 16972K [0x00000000c0000000, 0x00000000c4300000, 0x00000000eab00000)
  object space 68608K, 24% used [0x00000000c0000000,0x00000000c1093248,0x00000000c4300000)
 Metaspace       used 31035K, capacity 32927K, committed 33200K, reserved 1079296K
  class space    used 2991K, capacity 3709K, committed 3760K, reserved 1048576K
}
Event: 7.944 GC heap before
{Heap before GC invocations=12 (full 1):
 PSYoungGen      total 25600K, used 25568K [0x00000000eab00000, 0x00000000eca00000, 0x0000000100000000)
  eden space 22528K, 100% used [0x00000000eab00000,0x00000000ec100000,0x00000000ec100000)
  from space 3072K, 98% used [0x00000000ec580000,0x00000000ec878020,0x00000000ec880000)
  to   space 4608K, 0% used [0x00000000ec100000,0x00000000ec100000,0x00000000ec580000)
 ParOldGen       total 68608K, used 16972K [0x00000000c0000000, 0x00000000c4300000, 0x00000000eab00000)
  object space 68608K, 24% used [0x00000000c0000000,0x00000000c1093248,0x00000000c4300000)
 Metaspace       used 31044K, capacity 32927K, committed 33200K, reserved 1079296K
  class space    used 2991K, capacity 3709K, committed 3760K, reserved 1048576K
}
Event: 7.951 GC heap after
{Heap after GC invocations=12 (full 1):
 PSYoungGen      total 24064K, used 2002K [0x00000000eab00000, 0x00000000ec680000, 0x0000000100000000)
  eden space 22016K, 0% used [0x00000000eab00000,0x00000000eab00000,0x00000000ec080000)
  from space 2048K, 97% used [0x00000000ec100000,0x00000000ec2f4b28,0x00000000ec300000)
  to   space 3072K, 0% used [0x00000000ec380000,0x00000000ec380000,0x00000000ec680000)
 ParOldGen       total 68608K, used 19988K [0x00000000c0000000, 0x00000000c4300000, 0x00000000eab00000)
  object space 68608K, 29% used [0x00000000c0000000,0x00000000c1385278,0x00000000c4300000)
 Metaspace       used 31044K, capacity 32927K, committed 33200K, reserved 1079296K
  class space    used 2991K, capacity 3709K, committed 3760K, reserved 1048576K
}
Event: 8.087 GC heap before
{Heap before GC invocations=13 (full 1):
 PSYoungGen      total 24064K, used 24018K [0x00000000eab00000, 0x00000000ec680000, 0x0000000100000000)
  eden space 22016K, 100% used [0x00000000eab00000,0x00000000ec080000,0x00000000ec080000)
  from space 2048K, 97% used [0x00000000ec100000,0x00000000ec2f4b28,0x00000000ec300000)
  to   space 3072K, 0% used [0x00000000ec380000,0x00000000ec380000,0x00000000ec680000)
 ParOldGen       total 68608K, used 19988K [0x00000000c0000000, 0x00000000c4300000, 0x00000000eab00000)
  object space 68608K, 29% used [0x00000000c0000000,0x00000000c1385278,0x00000000c4300000)
 Metaspace       used 31198K, capacity 33055K, committed 33200K, reserved 1079296K
  class space    used 3004K, capacity 3709K, committed 3760K, reserved 1048576K
}
Event: 8.094 GC heap after
{Heap after GC invocations=13 (full 1):
 PSYoungGen      total 24576K, used 2208K [0x00000000eab00000, 0x00000000ec600000, 0x0000000100000000)
  eden space 22016K, 0% used [0x00000000eab00000,0x00000000eab00000,0x00000000ec080000)
  from space 2560K, 86% used [0x00000000ec380000,0x00000000ec5a8010,0x00000000ec600000)
  to   space 2560K, 0% used [0x00000000ec100000,0x00000000ec100000,0x00000000ec380000)
 ParOldGen       total 68608K, used 21919K [0x00000000c0000000, 0x00000000c4300000, 0x00000000eab00000)
  object space 68608K, 31% used [0x00000000c0000000,0x00000000c1567da0,0x00000000c4300000)
 Metaspace       used 31198K, capacity 33055K, committed 33200K, reserved 1079296K
  class space    used 3004K, capacity 3709K, committed 3760K, reserved 1048576K
}
Event: 8.161 GC heap before
{Heap before GC invocations=14 (full 1):
 PSYoungGen      total 24576K, used 24224K [0x00000000eab00000, 0x00000000ec600000, 0x0000000100000000)
  eden space 22016K, 100% used [0x00000000eab00000,0x00000000ec080000,0x00000000ec080000)
  from space 2560K, 86% used [0x00000000ec380000,0x00000000ec5a8010,0x00000000ec600000)
  to   space 2560K, 0% used [0x00000000ec100000,0x00000000ec100000,0x00000000ec380000)
 ParOldGen       total 68608K, used 21919K [0x00000000c0000000, 0x00000000c4300000, 0x00000000eab00000)
  object space 68608K, 31% used [0x00000000c0000000,0x00000000c1567da0,0x00000000c4300000)
 Metaspace       used 31198K, capacity 33055K, committed 33200K, reserved 1079296K
  class space    used 3004K, capacity 3709K, committed 3760K, reserved 1048576K
}
Event: 8.168 GC heap after
{Heap after GC invocations=14 (full 1):
 PSYoungGen      total 24064K, used 1888K [0x00000000eab00000, 0x00000000ec480000, 0x0000000100000000)
  eden space 22016K, 0% used [0x00000000eab00000,0x00000000eab00000,0x00000000ec080000)
  from space 2048K, 92% used [0x00000000ec100000,0x00000000ec2d8000,0x00000000ec300000)
  to   space 1536K, 0% used [0x00000000ec300000,0x00000000ec300000,0x00000000ec480000)
 ParOldGen       total 68608K, used 24082K [0x00000000c0000000, 0x00000000c4300000, 0x00000000eab00000)
  object space 68608K, 35% used [0x00000000c0000000,0x00000000c1784930,0x00000000c4300000)
 Metaspace       used 31198K, capacity 33055K, committed 33200K, reserved 1079296K
  class space    used 3004K, capacity 3709K, committed 3760K, reserved 1048576K
}
Event: 8.243 GC heap before
{Heap before GC invocations=15 (full 1):
 PSYoungGen      total 24064K, used 23904K [0x00000000eab00000, 0x00000000ec480000, 0x0000000100000000)
  eden space 22016K, 100% used [0x00000000eab00000,0x00000000ec080000,0x00000000ec080000)
  from space 2048K, 92% used [0x00000000ec100000,0x00000000ec2d8000,0x00000000ec300000)
  to   space 1536K, 0% used [0x00000000ec300000,0x00000000ec300000,0x00000000ec480000)
 ParOldGen       total 68608K, used 24082K [0x00000000c0000000, 0x00000000c4300000, 0x00000000eab00000)
  object space 68608K, 35% used [0x00000000c0000000,0x00000000c1784930,0x00000000c4300000)
 Metaspace       used 31199K, capacity 33055K, committed 33200K, reserved 1079296K
  class space    used 3004K, capacity 3709K, committed 3760K, reserved 1048576K
}
Event: 8.250 GC heap after
{Heap after GC invocations=15 (full 1):
 PSYoungGen      total 21504K, used 1536K [0x00000000eab00000, 0x00000000ec980000, 0x0000000100000000)
  eden space 19968K, 0% used [0x00000000eab00000,0x00000000eab00000,0x00000000ebe80000)
  from space 1536K, 100% used [0x00000000ec300000,0x00000000ec480000,0x00000000ec480000)
  to   space 4608K, 0% used [0x00000000ebe80000,0x00000000ebe80000,0x00000000ec300000)
 ParOldGen       total 68608K, used 26562K [0x00000000c0000000, 0x00000000c4300000, 0x00000000eab00000)
  object space 68608K, 38% used [0x00000000c0000000,0x00000000c19f0940,0x00000000c4300000)
 Metaspace       used 31199K, capacity 33055K, committed 33200K, reserved 1079296K
  class space    used 3004K, capacity 3709K, committed 3760K, reserved 1048576K
}
Event: 8.348 GC heap before
{Heap before GC invocations=16 (full 1):
 PSYoungGen      total 21504K, used 21504K [0x00000000eab00000, 0x00000000ec980000, 0x0000000100000000)
  eden space 19968K, 100% used [0x00000000eab00000,0x00000000ebe80000,0x00000000ebe80000)
  from space 1536K, 100% used [0x00000000ec300000,0x00000000ec480000,0x00000000ec480000)
  to   space 4608K, 0% used [0x00000000ebe80000,0x00000000ebe80000,0x00000000ec300000)
 ParOldGen       total 68608K, used 26562K [0x00000000c0000000, 0x00000000c4300000, 0x00000000eab00000)
  object space 68608K, 38% used [0x00000000c0000000,0x00000000c19f0940,0x00000000c4300000)
 Metaspace       used 31199K, capacity 33055K, committed 33200K, reserved 1079296K
  class space    used 3004K, capacity 3709K, committed 3760K, reserved 1048576K
}
Event: 8.386 GC heap after
{Heap after GC invocations=16 (full 1):
 PSYoungGen      total 22016K, used 1600K [0x00000000eab00000, 0x00000000ec380000, 0x0000000100000000)
  eden space 19968K, 0% used [0x00000000eab00000,0x00000000eab00000,0x00000000ebe80000)
  from space 2048K, 78% used [0x00000000ebe80000,0x00000000ec010000,0x00000000ec080000)
  to   space 2560K, 0% used [0x00000000ec100000,0x00000000ec100000,0x00000000ec380000)
 ParOldGen       total 68608K, used 28112K [0x00000000c0000000, 0x00000000c4300000, 0x00000000eab00000)
  object space 68608K, 40% used [0x00000000c0000000,0x00000000c1b741c0,0x00000000c4300000)
 Metaspace       used 31199K, capacity 33055K, committed 33200K, reserved 1079296K
  class space    used 3004K, capacity 3709K, committed 3760K, reserved 1048576K
}
Event: 8.777 GC heap before
{Heap before GC invocations=17 (full 1):
 PSYoungGen      total 22016K, used 21568K [0x00000000eab00000, 0x00000000ec380000, 0x0000000100000000)
  eden space 19968K, 100% used [0x00000000eab00000,0x00000000ebe80000,0x00000000ebe80000)
  from space 2048K, 78% used [0x00000000ebe80000,0x00000000ec010000,0x00000000ec080000)
  to   space 2560K, 0% used [0x00000000ec100000,0x00000000ec100000,0x00000000ec380000)
 ParOldGen       total 68608K, used 28112K [0x00000000c0000000, 0x00000000c4300000, 0x00000000eab00000)
  object space 68608K, 40% used [0x00000000c0000000,0x00000000c1b741c0,0x00000000c4300000)
 Metaspace       used 32131K, capacity 34107K, committed 34352K, reserved 1079296K
  class space    used 3060K, capacity 3782K, committed 3888K, reserved 1048576K
}
Event: 8.783 GC heap after
{Heap after GC invocations=17 (full 1):
 PSYoungGen      total 22528K, used 2155K [0x00000000eab00000, 0x00000000ec380000, 0x0000000100000000)
  eden space 19968K, 0% used [0x00000000eab00000,0x00000000eab00000,0x00000000ebe80000)
  from space 2560K, 84% used [0x00000000ec100000,0x00000000ec31aeb0,0x00000000ec380000)
  to   space 2560K, 0% used [0x00000000ebe80000,0x00000000ebe80000,0x00000000ec100000)
 ParOldGen       total 68608K, used 29704K [0x00000000c0000000, 0x00000000c4300000, 0x00000000eab00000)
  object space 68608K, 43% used [0x00000000c0000000,0x00000000c1d021c0,0x00000000c4300000)
 Metaspace       used 32131K, capacity 34107K, committed 34352K, reserved 1079296K
  class space    used 3060K, capacity 3782K, committed 3888K, reserved 1048576K
}
Event: 8.977 GC heap before
{Heap before GC invocations=18 (full 1):
 PSYoungGen      total 22528K, used 11611K [0x00000000eab00000, 0x00000000ec380000, 0x0000000100000000)
  eden space 19968K, 47% used [0x00000000eab00000,0x00000000eb43c058,0x00000000ebe80000)
  from space 2560K, 84% used [0x00000000ec100000,0x00000000ec31aeb0,0x00000000ec380000)
  to   space 2560K, 0% used [0x00000000ebe80000,0x00000000ebe80000,0x00000000ec100000)
 ParOldGen       total 68608K, used 29704K [0x00000000c0000000, 0x00000000c4300000, 0x00000000eab00000)
  object space 68608K, 43% used [0x00000000c0000000,0x00000000c1d021c0,0x00000000c4300000)
 Metaspace       used 33249K, capacity 35291K, committed 35496K, reserved 1081344K
  class space    used 3151K, capacity 3878K, committed 4016K, reserved 1048576K
}
Event: 8.992 GC heap after
{Heap after GC invocations=18 (full 1):
 PSYoungGen      total 20480K, used 320K [0x00000000eab00000, 0x00000000ec180000, 0x0000000100000000)
  eden space 19968K, 0% used [0x00000000eab00000,0x00000000eab00000,0x00000000ebe80000)
  from space 512K, 62% used [0x00000000ebe80000,0x00000000ebed0000,0x00000000ebf00000)
  to   space 1024K, 0% used [0x00000000ec080000,0x00000000ec080000,0x00000000ec180000)
 ParOldGen       total 68608K, used 31706K [0x00000000c0000000, 0x00000000c4300000, 0x00000000eab00000)
  object space 68608K, 46% used [0x00000000c0000000,0x00000000c1ef6890,0x00000000c4300000)
 Metaspace       used 33249K, capacity 35291K, committed 35496K, reserved 1081344K
  class space    used 3151K, capacity 3878K, committed 4016K, reserved 1048576K
}
Event: 8.992 GC heap before
{Heap before GC invocations=19 (full 2):
 PSYoungGen      total 20480K, used 320K [0x00000000eab00000, 0x00000000ec180000, 0x0000000100000000)
  eden space 19968K, 0% used [0x00000000eab00000,0x00000000eab00000,0x00000000ebe80000)
  from space 512K, 62% used [0x00000000ebe80000,0x00000000ebed0000,0x00000000ebf00000)
  to   space 1024K, 0% used [0x00000000ec080000,0x00000000ec080000,0x00000000ec180000)
 ParOldGen       total 68608K, used 31706K [0x00000000c0000000, 0x00000000c4300000, 0x00000000eab00000)
  object space 68608K, 46% used [0x00000000c0000000,0x00000000c1ef6890,0x00000000c4300000)
 Metaspace       used 33249K, capacity 35291K, committed 35496K, reserved 1081344K
  class space    used 3151K, capacity 3878K, committed 4016K, reserved 1048576K
}
Event: 9.446 GC heap after
{Heap after GC invocations=19 (full 2):
 PSYoungGen      total 20480K, used 0K [0x00000000eab00000, 0x00000000ec180000, 0x0000000100000000)
  eden space 19968K, 0% used [0x00000000eab00000,0x00000000eab00000,0x00000000ebe80000)
  from space 512K, 0% used [0x00000000ebe80000,0x00000000ebe80000,0x00000000ebf00000)
  to   space 1024K, 0% used [0x00000000ec080000,0x00000000ec080000,0x00000000ec180000)
 ParOldGen       total 68608K, used 31306K [0x00000000c0000000, 0x00000000c4300000, 0x00000000eab00000)
  object space 68608K, 45% used [0x00000000c0000000,0x00000000c1e92bd8,0x00000000c4300000)
 Metaspace       used 33249K, capacity 35291K, committed 35496K, reserved 1081344K
  class space    used 3151K, capacity 3878K, committed 4016K, reserved 1048576K
}

