# JRE version: OpenJDK Runtime Environment AdoptOpenJDK (11.0.8+10) (build 11.0.8+10)
# Java VM: OpenJDK 64-Bit Server VM AdoptOpenJDK (11.0.8+10, mixed mode, tiered, compressed oops, parallel gc, windows-amd64)
Heap:
 PSYoungGen      total 23552K, used 1511K [0x00000000eab00000, 0x00000000ec480000, 0x0000000100000000)
  eden space 22016K, 0% used [0x00000000eab00000,0x00000000eab29c10,0x00000000ec080000)
  from space 1536K, 87% used [0x00000000ec300000,0x00000000ec450010,0x00000000ec480000)
  to   space 1536K, 0% used [0x00000000ec180000,0x00000000ec180000,0x00000000ec300000)
 ParOldGen       total 68608K, used 15303K [0x00000000c0000000, 0x00000000c4300000, 0x00000000eab00000)
  object space 68608K, 22% used [0x00000000c0000000,0x00000000c0ef1dc0,0x00000000c4300000)
 Metaspace       used 38071K, capacity 40521K, committed 40792K, reserved 1085440K
  class space    used 3875K, capacity 4811K, committed 4952K, reserved 1048576K
GC Heap History (20 events):
Event: 3.454 GC heap before
{Heap before GC invocations=4 (full 0):
 PSYoungGen      total 29696K, used 10840K [0x00000000eab00000, 0x00000000ecc00000, 0x0000000100000000)
  eden space 25600K, 26% used [0x00000000eab00000,0x00000000eb198898,0x00000000ec400000)
  from space 4096K, 99% used [0x00000000ec400000,0x00000000ec7fda40,0x00000000ec800000)
  to   space 4096K, 0% used [0x00000000ec800000,0x00000000ec800000,0x00000000ecc00000)
 ParOldGen       total 68608K, used 2750K [0x00000000c0000000, 0x00000000c4300000, 0x00000000eab00000)
  object space 68608K, 4% used [0x00000000c0000000,0x00000000c02af9d0,0x00000000c4300000)
 Metaspace       used 20111K, capacity 21187K, committed 21248K, reserved 1069056K
  class space    used 1904K, capacity 2276K, committed 2304K, reserved 1048576K
}
Event: 3.469 GC heap after
{Heap after GC invocations=4 (full 0):
 PSYoungGen      total 29696K, used 4070K [0x00000000eab00000, 0x00000000ecc00000, 0x0000000100000000)
  eden space 25600K, 0% used [0x00000000eab00000,0x00000000eab00000,0x00000000ec400000)
  from space 4096K, 99% used [0x00000000ec800000,0x00000000ecbf9a50,0x00000000ecc00000)
  to   space 4096K, 0% used [0x00000000ec400000,0x00000000ec400000,0x00000000ec800000)
 ParOldGen       total 68608K, used 3082K [0x00000000c0000000, 0x00000000c4300000, 0x00000000eab00000)
  object space 68608K, 4% used [0x00000000c0000000,0x00000000c03029f0,0x00000000c4300000)
 Metaspace       used 20111K, capacity 21187K, committed 21248K, reserved 1069056K
  class space    used 1904K, capacity 2276K, committed 2304K, reserved 1048576K
}
Event: 3.469 GC heap before
{Heap before GC invocations=5 (full 1):
 PSYoungGen      total 29696K, used 4070K [0x00000000eab00000, 0x00000000ecc00000, 0x0000000100000000)
  eden space 25600K, 0% used [0x00000000eab00000,0x00000000eab00000,0x00000000ec400000)
  from space 4096K, 99% used [0x00000000ec800000,0x00000000ecbf9a50,0x00000000ecc00000)
  to   space 4096K, 0% used [0x00000000ec400000,0x00000000ec400000,0x00000000ec800000)
 ParOldGen       total 68608K, used 3082K [0x00000000c0000000, 0x00000000c4300000, 0x00000000eab00000)
  object space 68608K, 4% used [0x00000000c0000000,0x00000000c03029f0,0x00000000c4300000)
 Metaspace       used 20111K, capacity 21187K, committed 21248K, reserved 1069056K
  class space    used 1904K, capacity 2276K, committed 2304K, reserved 1048576K
}
Event: 3.537 GC heap after
{Heap after GC invocations=5 (full 1):
 PSYoungGen      total 29696K, used 0K [0x00000000eab00000, 0x00000000ecc00000, 0x0000000100000000)
  eden space 25600K, 0% used [0x00000000eab00000,0x00000000eab00000,0x00000000ec400000)
  from space 4096K, 0% used [0x00000000ec800000,0x00000000ec800000,0x00000000ecc00000)
  to   space 4096K, 0% used [0x00000000ec400000,0x00000000ec400000,0x00000000ec800000)
 ParOldGen       total 68608K, used 7054K [0x00000000c0000000, 0x00000000c4300000, 0x00000000eab00000)
  object space 68608K, 10% used [0x00000000c0000000,0x00000000c06e3898,0x00000000c4300000)
 Metaspace       used 20111K, capacity 21187K, committed 21248K, reserved 1069056K
  class space    used 1904K, capacity 2276K, committed 2304K, reserved 1048576K
}
Event: 4.064 GC heap before
{Heap before GC invocations=6 (full 1):
 PSYoungGen      total 29696K, used 25600K [0x00000000eab00000, 0x00000000ecc00000, 0x0000000100000000)
  eden space 25600K, 100% used [0x00000000eab00000,0x00000000ec400000,0x00000000ec400000)
  from space 4096K, 0% used [0x00000000ec800000,0x00000000ec800000,0x00000000ecc00000)
  to   space 4096K, 0% used [0x00000000ec400000,0x00000000ec400000,0x00000000ec800000)
 ParOldGen       total 68608K, used 7054K [0x00000000c0000000, 0x00000000c4300000, 0x00000000eab00000)
  object space 68608K, 10% used [0x00000000c0000000,0x00000000c06e3898,0x00000000c4300000)
 Metaspace       used 23802K, capacity 25062K, committed 25216K, reserved 1071104K
  class space    used 2188K, capacity 2675K, committed 2688K, reserved 1048576K
}
Event: 4.067 GC heap after
{Heap after GC invocations=6 (full 1):
 PSYoungGen      total 26624K, used 1220K [0x00000000eab00000, 0x00000000ec880000, 0x0000000100000000)
  eden space 25088K, 0% used [0x00000000eab00000,0x00000000eab00000,0x00000000ec380000)
  from space 1536K, 79% used [0x00000000ec400000,0x00000000ec5313b0,0x00000000ec580000)
  to   space 2560K, 0% used [0x00000000ec600000,0x00000000ec600000,0x00000000ec880000)
 ParOldGen       total 68608K, used 7062K [0x00000000c0000000, 0x00000000c4300000, 0x00000000eab00000)
  object space 68608K, 10% used [0x00000000c0000000,0x00000000c06e5898,0x00000000c4300000)
 Metaspace       used 23802K, capacity 25062K, committed 25216K, reserved 1071104K
  class space    used 2188K, capacity 2675K, committed 2688K, reserved 1048576K
}
Event: 4.557 GC heap before
{Heap before GC invocations=7 (full 1):
 PSYoungGen      total 26624K, used 26308K [0x00000000eab00000, 0x00000000ec880000, 0x0000000100000000)
  eden space 25088K, 100% used [0x00000000eab00000,0x00000000ec380000,0x00000000ec380000)
  from space 1536K, 79% used [0x00000000ec400000,0x00000000ec5313b0,0x00000000ec580000)
  to   space 2560K, 0% used [0x00000000ec600000,0x00000000ec600000,0x00000000ec880000)
 ParOldGen       total 68608K, used 7062K [0x00000000c0000000, 0x00000000c4300000, 0x00000000eab00000)
  object space 68608K, 10% used [0x00000000c0000000,0x00000000c06e5898,0x00000000c4300000)
 Metaspace       used 26656K, capacity 28467K, committed 28544K, reserved 1075200K
  class space    used 2515K, capacity 3182K, committed 3200K, reserved 1048576K
}
Event: 4.559 GC heap after
{Heap after GC invocations=7 (full 1):
 PSYoungGen      total 25600K, used 2554K [0x00000000eab00000, 0x00000000ecc00000, 0x0000000100000000)
  eden space 23040K, 0% used [0x00000000eab00000,0x00000000eab00000,0x00000000ec180000)
  from space 2560K, 99% used [0x00000000ec600000,0x00000000ec87eb20,0x00000000ec880000)
  to   space 4608K, 0% used [0x00000000ec180000,0x00000000ec180000,0x00000000ec600000)
 ParOldGen       total 68608K, used 8177K [0x00000000c0000000, 0x00000000c4300000, 0x00000000eab00000)
  object space 68608K, 11% used [0x00000000c0000000,0x00000000c07fc510,0x00000000c4300000)
 Metaspace       used 26656K, capacity 28467K, committed 28544K, reserved 1075200K
  class space    used 2515K, capacity 3182K, committed 3200K, reserved 1048576K
}
Event: 5.071 GC heap before
{Heap before GC invocations=8 (full 1):
 PSYoungGen      total 25600K, used 25594K [0x00000000eab00000, 0x00000000ecc00000, 0x0000000100000000)
  eden space 23040K, 100% used [0x00000000eab00000,0x00000000ec180000,0x00000000ec180000)
  from space 2560K, 99% used [0x00000000ec600000,0x00000000ec87eb20,0x00000000ec880000)
  to   space 4608K, 0% used [0x00000000ec180000,0x00000000ec180000,0x00000000ec600000)
 ParOldGen       total 68608K, used 8177K [0x00000000c0000000, 0x00000000c4300000, 0x00000000eab00000)
  object space 68608K, 11% used [0x00000000c0000000,0x00000000c07fc510,0x00000000c4300000)
 Metaspace       used 30324K, capacity 32544K, committed 32768K, reserved 1079296K
  class space    used 2954K, capacity 3774K, committed 3840K, reserved 1048576K
}
Event: 5.073 GC heap after
{Heap after GC invocations=8 (full 1):
 PSYoungGen      total 26624K, used 3971K [0x00000000eab00000, 0x00000000eca00000, 0x0000000100000000)
  eden space 22528K, 0% used [0x00000000eab00000,0x00000000eab00000,0x00000000ec100000)
  from space 4096K, 96% used [0x00000000ec180000,0x00000000ec560f28,0x00000000ec580000)
  to   space 4608K, 0% used [0x00000000ec580000,0x00000000ec580000,0x00000000eca00000)
 ParOldGen       total 68608K, used 8185K [0x00000000c0000000, 0x00000000c4300000, 0x00000000eab00000)
  object space 68608K, 11% used [0x00000000c0000000,0x00000000c07fe510,0x00000000c4300000)
 Metaspace       used 30324K, capacity 32544K, committed 32768K, reserved 1079296K
  class space    used 2954K, capacity 3774K, committed 3840K, reserved 1048576K
}
Event: 5.595 GC heap before
{Heap before GC invocations=9 (full 1):
 PSYoungGen      total 26624K, used 26499K [0x00000000eab00000, 0x00000000eca00000, 0x0000000100000000)
  eden space 22528K, 99% used [0x00000000eab00000,0x00000000ec0ffff8,0x00000000ec100000)
  from space 4096K, 96% used [0x00000000ec180000,0x00000000ec560f28,0x00000000ec580000)
  to   space 4608K, 0% used [0x00000000ec580000,0x00000000ec580000,0x00000000eca00000)
 ParOldGen       total 68608K, used 8185K [0x00000000c0000000, 0x00000000c4300000, 0x00000000eab00000)
  object space 68608K, 11% used [0x00000000c0000000,0x00000000c07fe510,0x00000000c4300000)
 Metaspace       used 33020K, capacity 35336K, committed 35416K, reserved 1081344K
  class space    used 3277K, capacity 4111K, committed 4184K, reserved 1048576K
}
Event: 5.600 GC heap after
{Heap after GC invocations=9 (full 1):
 PSYoungGen      total 26624K, used 4604K [0x00000000eab00000, 0x00000000eca80000, 0x0000000100000000)
  eden space 22016K, 0% used [0x00000000eab00000,0x00000000eab00000,0x00000000ec080000)
  from space 4608K, 99% used [0x00000000ec580000,0x00000000ec9ff148,0x00000000eca00000)
  to   space 5120K, 0% used [0x00000000ec080000,0x00000000ec080000,0x00000000ec580000)
 ParOldGen       total 68608K, used 8369K [0x00000000c0000000, 0x00000000c4300000, 0x00000000eab00000)
  object space 68608K, 12% used [0x00000000c0000000,0x00000000c082c510,0x00000000c4300000)
 Metaspace       used 33020K, capacity 35336K, committed 35416K, reserved 1081344K
  class space    used 3277K, capacity 4111K, committed 4184K, reserved 1048576K
}
Event: 5.602 GC heap before
{Heap before GC invocations=10 (full 1):
 PSYoungGen      total 26624K, used 4837K [0x00000000eab00000, 0x00000000eca80000, 0x0000000100000000)
  eden space 22016K, 1% used [0x00000000eab00000,0x00000000eab3a660,0x00000000ec080000)
  from space 4608K, 99% used [0x00000000ec580000,0x00000000ec9ff148,0x00000000eca00000)
  to   space 5120K, 0% used [0x00000000ec080000,0x00000000ec080000,0x00000000ec580000)
 ParOldGen       total 68608K, used 8369K [0x00000000c0000000, 0x00000000c4300000, 0x00000000eab00000)
  object space 68608K, 12% used [0x00000000c0000000,0x00000000c082c510,0x00000000c4300000)
 Metaspace       used 33061K, capacity 35368K, committed 35416K, reserved 1081344K
  class space    used 3284K, capacity 4143K, committed 4184K, reserved 1048576K
}
Event: 5.611 GC heap after
{Heap after GC invocations=10 (full 1):
 PSYoungGen      total 24576K, used 2151K [0x00000000eab00000, 0x00000000ec780000, 0x0000000100000000)
  eden space 22016K, 0% used [0x00000000eab00000,0x00000000eab00000,0x00000000ec080000)
  from space 2560K, 84% used [0x00000000ec080000,0x00000000ec299cb8,0x00000000ec300000)
  to   space 3584K, 0% used [0x00000000ec400000,0x00000000ec400000,0x00000000ec780000)
 ParOldGen       total 68608K, used 10845K [0x00000000c0000000, 0x00000000c4300000, 0x00000000eab00000)
  object space 68608K, 15% used [0x00000000c0000000,0x00000000c0a974a0,0x00000000c4300000)
 Metaspace       used 33061K, capacity 35368K, committed 35416K, reserved 1081344K
  class space    used 3284K, capacity 4143K, committed 4184K, reserved 1048576K
}
Event: 5.611 GC heap before
{Heap before GC invocations=11 (full 2):
 PSYoungGen      total 24576K, used 2151K [0x00000000eab00000, 0x00000000ec780000, 0x0000000100000000)
  eden space 22016K, 0% used [0x00000000eab00000,0x00000000eab00000,0x00000000ec080000)
  from space 2560K, 84% used [0x00000000ec080000,0x00000000ec299cb8,0x00000000ec300000)
  to   space 3584K, 0% used [0x00000000ec400000,0x00000000ec400000,0x00000000ec780000)
 ParOldGen       total 68608K, used 10845K [0x00000000c0000000, 0x00000000c4300000, 0x00000000eab00000)
  object space 68608K, 15% used [0x00000000c0000000,0x00000000c0a974a0,0x00000000c4300000)
 Metaspace       used 33061K, capacity 35368K, committed 35416K, reserved 1081344K
  class space    used 3284K, capacity 4143K, committed 4184K, reserved 1048576K
}
Event: 5.706 GC heap after
{Heap after GC invocations=11 (full 2):
 PSYoungGen      total 24576K, used 0K [0x00000000eab00000, 0x00000000ec780000, 0x0000000100000000)
  eden space 22016K, 0% used [0x00000000eab00000,0x00000000eab00000,0x00000000ec080000)
  from space 2560K, 0% used [0x00000000ec080000,0x00000000ec080000,0x00000000ec300000)
  to   space 3584K, 0% used [0x00000000ec400000,0x00000000ec400000,0x00000000ec780000)
 ParOldGen       total 68608K, used 12674K [0x00000000c0000000, 0x00000000c4300000, 0x00000000eab00000)
  object space 68608K, 18% used [0x00000000c0000000,0x00000000c0c60af0,0x00000000c4300000)
 Metaspace       used 33061K, capacity 35368K, committed 35416K, reserved 1081344K
  class space    used 3284K, capacity 4143K, committed 4184K, reserved 1048576K
}
Event: 6.115 GC heap before
{Heap before GC invocations=12 (full 2):
 PSYoungGen      total 24576K, used 22016K [0x00000000eab00000, 0x00000000ec780000, 0x0000000100000000)
  eden space 22016K, 100% used [0x00000000eab00000,0x00000000ec080000,0x00000000ec080000)
  from space 2560K, 0% used [0x00000000ec080000,0x00000000ec080000,0x00000000ec300000)
  to   space 3584K, 0% used [0x00000000ec400000,0x00000000ec400000,0x00000000ec780000)
 ParOldGen       total 68608K, used 12674K [0x00000000c0000000, 0x00000000c4300000, 0x00000000eab00000)
  object space 68608K, 18% used [0x00000000c0000000,0x00000000c0c60af0,0x00000000c4300000)
 Metaspace       used 35865K, capacity 38206K, committed 38360K, reserved 1083392K
  class space    used 3615K, capacity 4534K, committed 4568K, reserved 1048576K
}
Event: 6.118 GC heap after
{Heap after GC invocations=12 (full 2):
 PSYoungGen      total 23552K, used 1524K [0x00000000eab00000, 0x00000000ec580000, 0x0000000100000000)
  eden space 22016K, 0% used [0x00000000eab00000,0x00000000eab00000,0x00000000ec080000)
  from space 1536K, 99% used [0x00000000ec400000,0x00000000ec57d270,0x00000000ec580000)
  to   space 2048K, 0% used [0x00000000ec180000,0x00000000ec180000,0x00000000ec380000)
 ParOldGen       total 68608K, used 12682K [0x00000000c0000000, 0x00000000c4300000, 0x00000000eab00000)
  object space 68608K, 18% used [0x00000000c0000000,0x00000000c0c62af0,0x00000000c4300000)
 Metaspace       used 35865K, capacity 38206K, committed 38360K, reserved 1083392K
  class space    used 3615K, capacity 4534K, committed 4568K, reserved 1048576K
}
Event: 6.397 GC heap before
{Heap before GC invocations=13 (full 2):
 PSYoungGen      total 23552K, used 23540K [0x00000000eab00000, 0x00000000ec580000, 0x0000000100000000)
  eden space 22016K, 100% used [0x00000000eab00000,0x00000000ec080000,0x00000000ec080000)
  from space 1536K, 99% used [0x00000000ec400000,0x00000000ec57d270,0x00000000ec580000)
  to   space 2048K, 0% used [0x00000000ec180000,0x00000000ec180000,0x00000000ec380000)
 ParOldGen       total 68608K, used 12682K [0x00000000c0000000, 0x00000000c4300000, 0x00000000eab00000)
  object space 68608K, 18% used [0x00000000c0000000,0x00000000c0c62af0,0x00000000c4300000)
 Metaspace       used 37499K, capacity 39820K, committed 40152K, reserved 1085440K
  class space    used 3790K, capacity 4704K, committed 4824K, reserved 1048576K
}
Event: 6.429 GC heap after
{Heap after GC invocations=13 (full 2):
 PSYoungGen      total 23552K, used 1404K [0x00000000eab00000, 0x00000000ec480000, 0x0000000100000000)
  eden space 22016K, 0% used [0x00000000eab00000,0x00000000eab00000,0x00000000ec080000)
  from space 1536K, 91% used [0x00000000ec180000,0x00000000ec2df270,0x00000000ec300000)
  to   space 1536K, 0% used [0x00000000ec300000,0x00000000ec300000,0x00000000ec480000)
 ParOldGen       total 68608K, used 14079K [0x00000000c0000000, 0x00000000c4300000, 0x00000000eab00000)
  object space 68608K, 20% used [0x00000000c0000000,0x00000000c0dbfda0,0x00000000c4300000)
 Metaspace       used 37499K, capacity 39820K, committed 40152K, reserved 1085440K
  class space    used 3790K, capacity 4704K, committed 4824K, reserved 1048576K
}

