# JRE version: OpenJDK Runtime Environment AdoptOpenJDK (11.0.8+10) (build 11.0.8+10)
# Java VM: OpenJDK 64-Bit Server VM AdoptOpenJDK (11.0.8+10, mixed mode, tiered, compressed oops, parallel gc, windows-amd64)
Heap:
 PSYoungGen      total 23552K, used 23399K [0x00000000eab00000, 0x00000000ec480000, 0x0000000100000000)
  eden space 22016K, 100% used [0x00000000eab00000,0x00000000ec080000,0x00000000ec080000)
  from space 1536K, 90% used [0x00000000ec280000,0x00000000ec3d9df0,0x00000000ec400000)
  to   space 512K, 100% used [0x00000000ec400000,0x00000000ec480000,0x00000000ec480000)
 ParOldGen       total 68608K, used 19861K [0x00000000c0000000, 0x00000000c4300000, 0x00000000eab00000)
  object space 68608K, 28% used [0x00000000c0000000,0x00000000c136b450,0x00000000c4300000)
 Metaspace       used 45324K, capacity 48068K, committed 48344K, reserved 1091584K
  class space    used 4764K, capacity 5755K, committed 5848K, reserved 1048576K
GC Heap History (20 events):
Event: 5.444 GC heap before
{Heap before GC invocations=8 (full 1):
 PSYoungGen      total 27136K, used 27125K [0x00000000eab00000, 0x00000000ecb00000, 0x0000000100000000)
  eden space 24064K, 100% used [0x00000000eab00000,0x00000000ec280000,0x00000000ec280000)
  from space 3072K, 99% used [0x00000000ec680000,0x00000000ec97d7b8,0x00000000ec980000)
  to   space 4096K, 0% used [0x00000000ec280000,0x00000000ec280000,0x00000000ec680000)
 ParOldGen       total 68608K, used 7451K [0x00000000c0000000, 0x00000000c4300000, 0x00000000eab00000)
  object space 68608K, 10% used [0x00000000c0000000,0x00000000c0746fd0,0x00000000c4300000)
 Metaspace       used 30207K, capacity 32237K, committed 32384K, reserved 1077248K
  class space    used 2904K, capacity 3665K, committed 3712K, reserved 1048576K
}
Event: 5.449 GC heap after
{Heap after GC invocations=8 (full 1):
 PSYoungGen      total 27648K, used 4068K [0x00000000eab00000, 0x00000000ece00000, 0x0000000100000000)
  eden space 23552K, 0% used [0x00000000eab00000,0x00000000eab00000,0x00000000ec200000)
  from space 4096K, 99% used [0x00000000ec280000,0x00000000ec6793b8,0x00000000ec680000)
  to   space 6144K, 0% used [0x00000000ec800000,0x00000000ec800000,0x00000000ece00000)
 ParOldGen       total 68608K, used 8845K [0x00000000c0000000, 0x00000000c4300000, 0x00000000eab00000)
  object space 68608K, 12% used [0x00000000c0000000,0x00000000c08a3570,0x00000000c4300000)
 Metaspace       used 30207K, capacity 32237K, committed 32384K, reserved 1077248K
  class space    used 2904K, capacity 3665K, committed 3712K, reserved 1048576K
}
Event: 5.777 GC heap before
{Heap before GC invocations=9 (full 1):
 PSYoungGen      total 27648K, used 27620K [0x00000000eab00000, 0x00000000ece00000, 0x0000000100000000)
  eden space 23552K, 100% used [0x00000000eab00000,0x00000000ec200000,0x00000000ec200000)
  from space 4096K, 99% used [0x00000000ec280000,0x00000000ec6793b8,0x00000000ec680000)
  to   space 6144K, 0% used [0x00000000ec800000,0x00000000ec800000,0x00000000ece00000)
 ParOldGen       total 68608K, used 8845K [0x00000000c0000000, 0x00000000c4300000, 0x00000000eab00000)
  object space 68608K, 12% used [0x00000000c0000000,0x00000000c08a3570,0x00000000c4300000)
 Metaspace       used 33124K, capacity 35373K, committed 35416K, reserved 1081344K
  class space    used 3322K, capacity 4150K, committed 4184K, reserved 1048576K
}
Event: 5.789 GC heap after
{Heap after GC invocations=9 (full 1):
 PSYoungGen      total 28160K, used 4822K [0x00000000eab00000, 0x00000000ecd00000, 0x0000000100000000)
  eden space 23040K, 0% used [0x00000000eab00000,0x00000000eab00000,0x00000000ec180000)
  from space 5120K, 94% used [0x00000000ec800000,0x00000000eccb5940,0x00000000ecd00000)
  to   space 5120K, 0% used [0x00000000ec300000,0x00000000ec300000,0x00000000ec800000)
 ParOldGen       total 68608K, used 8853K [0x00000000c0000000, 0x00000000c4300000, 0x00000000eab00000)
  object space 68608K, 12% used [0x00000000c0000000,0x00000000c08a5570,0x00000000c4300000)
 Metaspace       used 33124K, capacity 35373K, committed 35416K, reserved 1081344K
  class space    used 3322K, capacity 4150K, committed 4184K, reserved 1048576K
}
Event: 5.798 GC heap before
{Heap before GC invocations=10 (full 1):
 PSYoungGen      total 28160K, used 5453K [0x00000000eab00000, 0x00000000ecd00000, 0x0000000100000000)
  eden space 23040K, 2% used [0x00000000eab00000,0x00000000eab9db70,0x00000000ec180000)
  from space 5120K, 94% used [0x00000000ec800000,0x00000000eccb5940,0x00000000ecd00000)
  to   space 5120K, 0% used [0x00000000ec300000,0x00000000ec300000,0x00000000ec800000)
 ParOldGen       total 68608K, used 8853K [0x00000000c0000000, 0x00000000c4300000, 0x00000000eab00000)
  object space 68608K, 12% used [0x00000000c0000000,0x00000000c08a5570,0x00000000c4300000)
 Metaspace       used 33163K, capacity 35375K, committed 35416K, reserved 1081344K
  class space    used 3327K, capacity 4152K, committed 4184K, reserved 1048576K
}
Event: 5.804 GC heap after
{Heap after GC invocations=10 (full 1):
 PSYoungGen      total 26112K, used 2753K [0x00000000eab00000, 0x00000000ec880000, 0x0000000100000000)
  eden space 23040K, 0% used [0x00000000eab00000,0x00000000eab00000,0x00000000ec180000)
  from space 3072K, 89% used [0x00000000ec300000,0x00000000ec5b0640,0x00000000ec600000)
  to   space 2560K, 0% used [0x00000000ec600000,0x00000000ec600000,0x00000000ec880000)
 ParOldGen       total 68608K, used 10915K [0x00000000c0000000, 0x00000000c4300000, 0x00000000eab00000)
  object space 68608K, 15% used [0x00000000c0000000,0x00000000c0aa8c98,0x00000000c4300000)
 Metaspace       used 33163K, capacity 35375K, committed 35416K, reserved 1081344K
  class space    used 3327K, capacity 4152K, committed 4184K, reserved 1048576K
}
Event: 5.804 GC heap before
{Heap before GC invocations=11 (full 2):
 PSYoungGen      total 26112K, used 2753K [0x00000000eab00000, 0x00000000ec880000, 0x0000000100000000)
  eden space 23040K, 0% used [0x00000000eab00000,0x00000000eab00000,0x00000000ec180000)
  from space 3072K, 89% used [0x00000000ec300000,0x00000000ec5b0640,0x00000000ec600000)
  to   space 2560K, 0% used [0x00000000ec600000,0x00000000ec600000,0x00000000ec880000)
 ParOldGen       total 68608K, used 10915K [0x00000000c0000000, 0x00000000c4300000, 0x00000000eab00000)
  object space 68608K, 15% used [0x00000000c0000000,0x00000000c0aa8c98,0x00000000c4300000)
 Metaspace       used 33163K, capacity 35375K, committed 35416K, reserved 1081344K
  class space    used 3327K, capacity 4152K, committed 4184K, reserved 1048576K
}
Event: 5.922 GC heap after
{Heap after GC invocations=11 (full 2):
 PSYoungGen      total 26112K, used 0K [0x00000000eab00000, 0x00000000ec880000, 0x0000000100000000)
  eden space 23040K, 0% used [0x00000000eab00000,0x00000000eab00000,0x00000000ec180000)
  from space 3072K, 0% used [0x00000000ec300000,0x00000000ec300000,0x00000000ec600000)
  to   space 2560K, 0% used [0x00000000ec600000,0x00000000ec600000,0x00000000ec880000)
 ParOldGen       total 68608K, used 13299K [0x00000000c0000000, 0x00000000c4300000, 0x00000000eab00000)
  object space 68608K, 19% used [0x00000000c0000000,0x00000000c0cfcee0,0x00000000c4300000)
 Metaspace       used 33163K, capacity 35375K, committed 35416K, reserved 1081344K
  class space    used 3327K, capacity 4152K, committed 4184K, reserved 1048576K
}
Event: 6.280 GC heap before
{Heap before GC invocations=12 (full 2):
 PSYoungGen      total 26112K, used 23040K [0x00000000eab00000, 0x00000000ec880000, 0x0000000100000000)
  eden space 23040K, 100% used [0x00000000eab00000,0x00000000ec180000,0x00000000ec180000)
  from space 3072K, 0% used [0x00000000ec300000,0x00000000ec300000,0x00000000ec600000)
  to   space 2560K, 0% used [0x00000000ec600000,0x00000000ec600000,0x00000000ec880000)
 ParOldGen       total 68608K, used 13299K [0x00000000c0000000, 0x00000000c4300000, 0x00000000eab00000)
  object space 68608K, 19% used [0x00000000c0000000,0x00000000c0cfcee0,0x00000000c4300000)
 Metaspace       used 35291K, capacity 37721K, committed 37976K, reserved 1083392K
  class space    used 3583K, capacity 4403K, committed 4440K, reserved 1048576K
}
Event: 6.282 GC heap after
{Heap after GC invocations=12 (full 2):
 PSYoungGen      total 24576K, used 1540K [0x00000000eab00000, 0x00000000ec800000, 0x0000000100000000)
  eden space 22528K, 0% used [0x00000000eab00000,0x00000000eab00000,0x00000000ec100000)
  from space 2048K, 75% used [0x00000000ec600000,0x00000000ec781208,0x00000000ec800000)
  to   space 2560K, 0% used [0x00000000ec300000,0x00000000ec300000,0x00000000ec580000)
 ParOldGen       total 68608K, used 13307K [0x00000000c0000000, 0x00000000c4300000, 0x00000000eab00000)
  object space 68608K, 19% used [0x00000000c0000000,0x00000000c0cfeee0,0x00000000c4300000)
 Metaspace       used 35291K, capacity 37721K, committed 37976K, reserved 1083392K
  class space    used 3583K, capacity 4403K, committed 4440K, reserved 1048576K
}
Event: 6.826 GC heap before
{Heap before GC invocations=13 (full 2):
 PSYoungGen      total 24576K, used 24068K [0x00000000eab00000, 0x00000000ec800000, 0x0000000100000000)
  eden space 22528K, 100% used [0x00000000eab00000,0x00000000ec100000,0x00000000ec100000)
  from space 2048K, 75% used [0x00000000ec600000,0x00000000ec781208,0x00000000ec800000)
  to   space 2560K, 0% used [0x00000000ec300000,0x00000000ec300000,0x00000000ec580000)
 ParOldGen       total 68608K, used 13307K [0x00000000c0000000, 0x00000000c4300000, 0x00000000eab00000)
  object space 68608K, 19% used [0x00000000c0000000,0x00000000c0cfeee0,0x00000000c4300000)
 Metaspace       used 36729K, capacity 39223K, committed 39512K, reserved 1083392K
  class space    used 3750K, capacity 4582K, committed 4696K, reserved 1048576K
}
Event: 6.846 GC heap after
{Heap after GC invocations=13 (full 2):
 PSYoungGen      total 23040K, used 757K [0x00000000eab00000, 0x00000000ec680000, 0x0000000100000000)
  eden space 22016K, 0% used [0x00000000eab00000,0x00000000eab00000,0x00000000ec080000)
  from space 1024K, 73% used [0x00000000ec300000,0x00000000ec3bd6e0,0x00000000ec400000)
  to   space 1536K, 0% used [0x00000000ec500000,0x00000000ec500000,0x00000000ec680000)
 ParOldGen       total 68608K, used 14634K [0x00000000c0000000, 0x00000000c4300000, 0x00000000eab00000)
  object space 68608K, 21% used [0x00000000c0000000,0x00000000c0e4a8f0,0x00000000c4300000)
 Metaspace       used 36729K, capacity 39223K, committed 39512K, reserved 1083392K
  class space    used 3750K, capacity 4582K, committed 4696K, reserved 1048576K
}
Event: 7.454 GC heap before
{Heap before GC invocations=14 (full 2):
 PSYoungGen      total 23040K, used 22773K [0x00000000eab00000, 0x00000000ec680000, 0x0000000100000000)
  eden space 22016K, 100% used [0x00000000eab00000,0x00000000ec080000,0x00000000ec080000)
  from space 1024K, 73% used [0x00000000ec300000,0x00000000ec3bd6e0,0x00000000ec400000)
  to   space 1536K, 0% used [0x00000000ec500000,0x00000000ec500000,0x00000000ec680000)
 ParOldGen       total 68608K, used 14634K [0x00000000c0000000, 0x00000000c4300000, 0x00000000eab00000)
  object space 68608K, 21% used [0x00000000c0000000,0x00000000c0e4a8f0,0x00000000c4300000)
 Metaspace       used 38558K, capacity 41144K, committed 41304K, reserved 1085440K
  class space    used 3980K, capacity 4863K, committed 4952K, reserved 1048576K
}
Event: 7.462 GC heap after
{Heap after GC invocations=14 (full 2):
 PSYoungGen      total 23040K, used 704K [0x00000000eab00000, 0x00000000ec600000, 0x0000000100000000)
  eden space 22016K, 0% used [0x00000000eab00000,0x00000000eab00000,0x00000000ec080000)
  from space 1024K, 68% used [0x00000000ec500000,0x00000000ec5b0000,0x00000000ec600000)
  to   space 1024K, 0% used [0x00000000ec300000,0x00000000ec300000,0x00000000ec400000)
 ParOldGen       total 68608K, used 15198K [0x00000000c0000000, 0x00000000c4300000, 0x00000000eab00000)
  object space 68608K, 22% used [0x00000000c0000000,0x00000000c0ed7a98,0x00000000c4300000)
 Metaspace       used 38558K, capacity 41144K, committed 41304K, reserved 1085440K
  class space    used 3980K, capacity 4863K, committed 4952K, reserved 1048576K
}
Event: 8.078 GC heap before
{Heap before GC invocations=15 (full 2):
 PSYoungGen      total 23040K, used 22720K [0x00000000eab00000, 0x00000000ec600000, 0x0000000100000000)
  eden space 22016K, 100% used [0x00000000eab00000,0x00000000ec080000,0x00000000ec080000)
  from space 1024K, 68% used [0x00000000ec500000,0x00000000ec5b0000,0x00000000ec600000)
  to   space 1024K, 0% used [0x00000000ec300000,0x00000000ec300000,0x00000000ec400000)
 ParOldGen       total 68608K, used 15198K [0x00000000c0000000, 0x00000000c4300000, 0x00000000eab00000)
  object space 68608K, 22% used [0x00000000c0000000,0x00000000c0ed7a98,0x00000000c4300000)
 Metaspace       used 40794K, capacity 43352K, committed 43736K, reserved 1087488K
  class space    used 4266K, capacity 5188K, committed 5336K, reserved 1048576K
}
Event: 8.083 GC heap after
{Heap after GC invocations=15 (full 2):
 PSYoungGen      total 23040K, used 1024K [0x00000000eab00000, 0x00000000ec580000, 0x0000000100000000)
  eden space 22016K, 0% used [0x00000000eab00000,0x00000000eab00000,0x00000000ec080000)
  from space 1024K, 100% used [0x00000000ec300000,0x00000000ec400000,0x00000000ec400000)
  to   space 1536K, 0% used [0x00000000ec400000,0x00000000ec400000,0x00000000ec580000)
 ParOldGen       total 68608K, used 16038K [0x00000000c0000000, 0x00000000c4300000, 0x00000000eab00000)
  object space 68608K, 23% used [0x00000000c0000000,0x00000000c0fa9ab8,0x00000000c4300000)
 Metaspace       used 40794K, capacity 43352K, committed 43736K, reserved 1087488K
  class space    used 4266K, capacity 5188K, committed 5336K, reserved 1048576K
}
Event: 8.527 GC heap before
{Heap before GC invocations=16 (full 2):
 PSYoungGen      total 23040K, used 23040K [0x00000000eab00000, 0x00000000ec580000, 0x0000000100000000)
  eden space 22016K, 100% used [0x00000000eab00000,0x00000000ec080000,0x00000000ec080000)
  from space 1024K, 100% used [0x00000000ec300000,0x00000000ec400000,0x00000000ec400000)
  to   space 1536K, 0% used [0x00000000ec400000,0x00000000ec400000,0x00000000ec580000)
 ParOldGen       total 68608K, used 16038K [0x00000000c0000000, 0x00000000c4300000, 0x00000000eab00000)
  object space 68608K, 23% used [0x00000000c0000000,0x00000000c0fa9ab8,0x00000000c4300000)
 Metaspace       used 43190K, capacity 45888K, committed 46040K, reserved 1089536K
  class space    used 4506K, capacity 5476K, committed 5592K, reserved 1048576K
}
Event: 8.533 GC heap after
{Heap after GC invocations=16 (full 2):
 PSYoungGen      total 23552K, used 1360K [0x00000000eab00000, 0x00000000ec580000, 0x0000000100000000)
  eden space 22016K, 0% used [0x00000000eab00000,0x00000000eab00000,0x00000000ec080000)
  from space 1536K, 88% used [0x00000000ec400000,0x00000000ec554010,0x00000000ec580000)
  to   space 1536K, 0% used [0x00000000ec280000,0x00000000ec280000,0x00000000ec400000)
 ParOldGen       total 68608K, used 17064K [0x00000000c0000000, 0x00000000c4300000, 0x00000000eab00000)
  object space 68608K, 24% used [0x00000000c0000000,0x00000000c10aa2c8,0x00000000c4300000)
 Metaspace       used 43190K, capacity 45888K, committed 46040K, reserved 1089536K
  class space    used 4506K, capacity 5476K, committed 5592K, reserved 1048576K
}
Event: 8.727 GC heap before
{Heap before GC invocations=17 (full 2):
 PSYoungGen      total 23552K, used 23376K [0x00000000eab00000, 0x00000000ec580000, 0x0000000100000000)
  eden space 22016K, 100% used [0x00000000eab00000,0x00000000ec080000,0x00000000ec080000)
  from space 1536K, 88% used [0x00000000ec400000,0x00000000ec554010,0x00000000ec580000)
  to   space 1536K, 0% used [0x00000000ec280000,0x00000000ec280000,0x00000000ec400000)
 ParOldGen       total 68608K, used 17064K [0x00000000c0000000, 0x00000000c4300000, 0x00000000eab00000)
  object space 68608K, 24% used [0x00000000c0000000,0x00000000c10aa2c8,0x00000000c4300000)
 Metaspace       used 44663K, capacity 47363K, committed 47448K, reserved 1091584K
  class space    used 4688K, capacity 5691K, committed 5720K, reserved 1048576K
}
Event: 8.739 GC heap after
{Heap after GC invocations=17 (full 2):
 PSYoungGen      total 23552K, used 1383K [0x00000000eab00000, 0x00000000ec480000, 0x0000000100000000)
  eden space 22016K, 0% used [0x00000000eab00000,0x00000000eab00000,0x00000000ec080000)
  from space 1536K, 90% used [0x00000000ec280000,0x00000000ec3d9df0,0x00000000ec400000)
  to   space 512K, 0% used [0x00000000ec400000,0x00000000ec400000,0x00000000ec480000)
 ParOldGen       total 68608K, used 18355K [0x00000000c0000000, 0x00000000c4300000, 0x00000000eab00000)
  object space 68608K, 26% used [0x00000000c0000000,0x00000000c11ecc60,0x00000000c4300000)
 Metaspace       used 44663K, capacity 47363K, committed 47448K, reserved 1091584K
  class space    used 4688K, capacity 5691K, committed 5720K, reserved 1048576K
}

