# JRE version: OpenJDK Runtime Environment AdoptOpenJDK (11.0.8+10) (build 11.0.8+10)
# Java VM: OpenJDK 64-Bit Server VM AdoptOpenJDK (11.0.8+10, mixed mode, tiered, compressed oops, parallel gc, windows-amd64)
Heap:
 PSYoungGen      total 22016K, used 3905K [0x00000000eab00000, 0x00000000ec780000, 0x0000000100000000)
  eden space 19968K, 9% used [0x00000000eab00000,0x00000000eacd0600,0x00000000ebe80000)
  from space 2048K, 100% used [0x00000000ebf00000,0x00000000ec100000,0x00000000ec100000)
  to   space 4608K, 0% used [0x00000000ec300000,0x00000000ec300000,0x00000000ec780000)
 ParOldGen       total 68608K, used 34722K [0x00000000c0000000, 0x00000000c4300000, 0x00000000eab00000)
  object space 68608K, 50% used [0x00000000c0000000,0x00000000c21e8840,0x00000000c4300000)
 Metaspace       used 52530K, capacity 55268K, committed 55384K, reserved 1097728K
  class space    used 5564K, capacity 6636K, committed 6744K, reserved 1048576K
GC Heap History (20 events):
Event: 7.553 GC heap before
{Heap before GC invocations=18 (full 2):
 PSYoungGen      total 24576K, used 23367K [0x00000000eab00000, 0x00000000ec580000, 0x0000000100000000)
  eden space 22016K, 100% used [0x00000000eab00000,0x00000000ec080000,0x00000000ec080000)
  from space 2560K, 52% used [0x00000000ec080000,0x00000000ec1d1df0,0x00000000ec300000)
  to   space 2048K, 0% used [0x00000000ec380000,0x00000000ec380000,0x00000000ec580000)
 ParOldGen       total 68608K, used 17596K [0x00000000c0000000, 0x00000000c4300000, 0x00000000eab00000)
  object space 68608K, 25% used [0x00000000c0000000,0x00000000c112f3c8,0x00000000c4300000)
 Metaspace       used 45535K, capacity 48252K, committed 48344K, reserved 1091584K
  class space    used 4791K, capacity 5817K, committed 5848K, reserved 1048576K
}
Event: 7.597 GC heap after
{Heap after GC invocations=18 (full 2):
 PSYoungGen      total 24064K, used 1714K [0x00000000eab00000, 0x00000000ec580000, 0x0000000100000000)
  eden space 22016K, 0% used [0x00000000eab00000,0x00000000eab00000,0x00000000ec080000)
  from space 2048K, 83% used [0x00000000ec380000,0x00000000ec52c820,0x00000000ec580000)
  to   space 2048K, 0% used [0x00000000ec180000,0x00000000ec180000,0x00000000ec380000)
 ParOldGen       total 68608K, used 18885K [0x00000000c0000000, 0x00000000c4300000, 0x00000000eab00000)
  object space 68608K, 27% used [0x00000000c0000000,0x00000000c12716e8,0x00000000c4300000)
 Metaspace       used 45535K, capacity 48252K, committed 48344K, reserved 1091584K
  class space    used 4791K, capacity 5817K, committed 5848K, reserved 1048576K
}
Event: 7.673 GC heap before
{Heap before GC invocations=19 (full 2):
 PSYoungGen      total 24064K, used 23730K [0x00000000eab00000, 0x00000000ec580000, 0x0000000100000000)
  eden space 22016K, 100% used [0x00000000eab00000,0x00000000ec080000,0x00000000ec080000)
  from space 2048K, 83% used [0x00000000ec380000,0x00000000ec52c820,0x00000000ec580000)
  to   space 2048K, 0% used [0x00000000ec180000,0x00000000ec180000,0x00000000ec380000)
 ParOldGen       total 68608K, used 18885K [0x00000000c0000000, 0x00000000c4300000, 0x00000000eab00000)
  object space 68608K, 27% used [0x00000000c0000000,0x00000000c12716e8,0x00000000c4300000)
 Metaspace       used 45799K, capacity 48604K, committed 48984K, reserved 1091584K
  class space    used 4827K, capacity 5849K, committed 5976K, reserved 1048576K
}
Event: 7.690 GC heap after
{Heap after GC invocations=19 (full 2):
 PSYoungGen      total 24064K, used 1906K [0x00000000eab00000, 0x00000000ec480000, 0x0000000100000000)
  eden space 22016K, 0% used [0x00000000eab00000,0x00000000eab00000,0x00000000ec080000)
  from space 2048K, 93% used [0x00000000ec180000,0x00000000ec35cb48,0x00000000ec380000)
  to   space 1024K, 0% used [0x00000000ec380000,0x00000000ec380000,0x00000000ec480000)
 ParOldGen       total 68608K, used 20470K [0x00000000c0000000, 0x00000000c4300000, 0x00000000eab00000)
  object space 68608K, 29% used [0x00000000c0000000,0x00000000c13fda88,0x00000000c4300000)
 Metaspace       used 45799K, capacity 48604K, committed 48984K, reserved 1091584K
  class space    used 4827K, capacity 5849K, committed 5976K, reserved 1048576K
}
Event: 7.814 GC heap before
{Heap before GC invocations=20 (full 2):
 PSYoungGen      total 24064K, used 23922K [0x00000000eab00000, 0x00000000ec480000, 0x0000000100000000)
  eden space 22016K, 100% used [0x00000000eab00000,0x00000000ec080000,0x00000000ec080000)
  from space 2048K, 93% used [0x00000000ec180000,0x00000000ec35cb48,0x00000000ec380000)
  to   space 1024K, 0% used [0x00000000ec380000,0x00000000ec380000,0x00000000ec480000)
 ParOldGen       total 68608K, used 20470K [0x00000000c0000000, 0x00000000c4300000, 0x00000000eab00000)
  object space 68608K, 29% used [0x00000000c0000000,0x00000000c13fda88,0x00000000c4300000)
 Metaspace       used 46269K, capacity 49026K, committed 49240K, reserved 1093632K
  class space    used 4870K, capacity 5882K, committed 5976K, reserved 1048576K
}
Event: 7.826 GC heap after
{Heap after GC invocations=20 (full 2):
 PSYoungGen      total 22016K, used 1024K [0x00000000eab00000, 0x00000000ec880000, 0x0000000100000000)
  eden space 20992K, 0% used [0x00000000eab00000,0x00000000eab00000,0x00000000ebf80000)
  from space 1024K, 100% used [0x00000000ec380000,0x00000000ec480000,0x00000000ec480000)
  to   space 4096K, 0% used [0x00000000ebf80000,0x00000000ebf80000,0x00000000ec380000)
 ParOldGen       total 68608K, used 22820K [0x00000000c0000000, 0x00000000c4300000, 0x00000000eab00000)
  object space 68608K, 33% used [0x00000000c0000000,0x00000000c16490f8,0x00000000c4300000)
 Metaspace       used 46269K, capacity 49026K, committed 49240K, reserved 1093632K
  class space    used 4870K, capacity 5882K, committed 5976K, reserved 1048576K
}
Event: 8.526 GC heap before
{Heap before GC invocations=21 (full 2):
 PSYoungGen      total 22016K, used 22016K [0x00000000eab00000, 0x00000000ec880000, 0x0000000100000000)
  eden space 20992K, 100% used [0x00000000eab00000,0x00000000ebf80000,0x00000000ebf80000)
  from space 1024K, 100% used [0x00000000ec380000,0x00000000ec480000,0x00000000ec480000)
  to   space 4096K, 0% used [0x00000000ebf80000,0x00000000ebf80000,0x00000000ec380000)
 ParOldGen       total 68608K, used 22820K [0x00000000c0000000, 0x00000000c4300000, 0x00000000eab00000)
  object space 68608K, 33% used [0x00000000c0000000,0x00000000c16490f8,0x00000000c4300000)
 Metaspace       used 48234K, capacity 51077K, committed 51288K, reserved 1093632K
  class space    used 5071K, capacity 6160K, committed 6232K, reserved 1048576K
}
Event: 8.529 GC heap after
{Heap after GC invocations=21 (full 2):
 PSYoungGen      total 24064K, used 2641K [0x00000000eab00000, 0x00000000ec580000, 0x0000000100000000)
  eden space 20992K, 0% used [0x00000000eab00000,0x00000000eab00000,0x00000000ebf80000)
  from space 3072K, 85% used [0x00000000ebf80000,0x00000000ec214498,0x00000000ec280000)
  to   space 3072K, 0% used [0x00000000ec280000,0x00000000ec280000,0x00000000ec580000)
 ParOldGen       total 68608K, used 23875K [0x00000000c0000000, 0x00000000c4300000, 0x00000000eab00000)
  object space 68608K, 34% used [0x00000000c0000000,0x00000000c1750f10,0x00000000c4300000)
 Metaspace       used 48234K, capacity 51077K, committed 51288K, reserved 1093632K
  class space    used 5071K, capacity 6160K, committed 6232K, reserved 1048576K
}
Event: 9.700 GC heap before
{Heap before GC invocations=22 (full 2):
 PSYoungGen      total 24064K, used 23633K [0x00000000eab00000, 0x00000000ec580000, 0x0000000100000000)
  eden space 20992K, 100% used [0x00000000eab00000,0x00000000ebf80000,0x00000000ebf80000)
  from space 3072K, 85% used [0x00000000ebf80000,0x00000000ec214498,0x00000000ec280000)
  to   space 3072K, 0% used [0x00000000ec280000,0x00000000ec280000,0x00000000ec580000)
 ParOldGen       total 68608K, used 23875K [0x00000000c0000000, 0x00000000c4300000, 0x00000000eab00000)
  object space 68608K, 34% used [0x00000000c0000000,0x00000000c1750f10,0x00000000c4300000)
 Metaspace       used 51671K, capacity 54493K, committed 54744K, reserved 1097728K
  class space    used 5484K, capacity 6551K, committed 6616K, reserved 1048576K
}
Event: 9.705 GC heap after
{Heap after GC invocations=22 (full 2):
 PSYoungGen      total 22528K, used 1248K [0x00000000eab00000, 0x00000000ec400000, 0x0000000100000000)
  eden space 20992K, 0% used [0x00000000eab00000,0x00000000eab00000,0x00000000ebf80000)
  from space 1536K, 81% used [0x00000000ec280000,0x00000000ec3b8010,0x00000000ec400000)
  to   space 2048K, 0% used [0x00000000ec000000,0x00000000ec000000,0x00000000ec200000)
 ParOldGen       total 68608K, used 26421K [0x00000000c0000000, 0x00000000c4300000, 0x00000000eab00000)
  object space 68608K, 38% used [0x00000000c0000000,0x00000000c19cd710,0x00000000c4300000)
 Metaspace       used 51671K, capacity 54493K, committed 54744K, reserved 1097728K
  class space    used 5484K, capacity 6551K, committed 6616K, reserved 1048576K
}
Event: 9.897 GC heap before
{Heap before GC invocations=23 (full 2):
 PSYoungGen      total 22528K, used 22240K [0x00000000eab00000, 0x00000000ec400000, 0x0000000100000000)
  eden space 20992K, 100% used [0x00000000eab00000,0x00000000ebf80000,0x00000000ebf80000)
  from space 1536K, 81% used [0x00000000ec280000,0x00000000ec3b8010,0x00000000ec400000)
  to   space 2048K, 0% used [0x00000000ec000000,0x00000000ec000000,0x00000000ec200000)
 ParOldGen       total 68608K, used 26421K [0x00000000c0000000, 0x00000000c4300000, 0x00000000eab00000)
  object space 68608K, 38% used [0x00000000c0000000,0x00000000c19cd710,0x00000000c4300000)
 Metaspace       used 52142K, capacity 54959K, committed 55128K, reserved 1097728K
  class space    used 5535K, capacity 6598K, committed 6744K, reserved 1048576K
}
Event: 9.917 GC heap after
{Heap after GC invocations=23 (full 2):
 PSYoungGen      total 23040K, used 1696K [0x00000000eab00000, 0x00000000ec380000, 0x0000000100000000)
  eden space 20992K, 0% used [0x00000000eab00000,0x00000000eab00000,0x00000000ebf80000)
  from space 2048K, 82% used [0x00000000ec000000,0x00000000ec1a8000,0x00000000ec200000)
  to   space 1536K, 0% used [0x00000000ec200000,0x00000000ec200000,0x00000000ec380000)
 ParOldGen       total 68608K, used 27439K [0x00000000c0000000, 0x00000000c4300000, 0x00000000eab00000)
  object space 68608K, 39% used [0x00000000c0000000,0x00000000c1acbc58,0x00000000c4300000)
 Metaspace       used 52142K, capacity 54959K, committed 55128K, reserved 1097728K
  class space    used 5535K, capacity 6598K, committed 6744K, reserved 1048576K
}
Event: 10.004 GC heap before
{Heap before GC invocations=24 (full 2):
 PSYoungGen      total 23040K, used 22688K [0x00000000eab00000, 0x00000000ec380000, 0x0000000100000000)
  eden space 20992K, 100% used [0x00000000eab00000,0x00000000ebf80000,0x00000000ebf80000)
  from space 2048K, 82% used [0x00000000ec000000,0x00000000ec1a8000,0x00000000ec200000)
  to   space 1536K, 0% used [0x00000000ec200000,0x00000000ec200000,0x00000000ec380000)
 ParOldGen       total 68608K, used 27439K [0x00000000c0000000, 0x00000000c4300000, 0x00000000eab00000)
  object space 68608K, 39% used [0x00000000c0000000,0x00000000c1acbc58,0x00000000c4300000)
 Metaspace       used 52223K, capacity 54992K, committed 55128K, reserved 1097728K
  class space    used 5542K, capacity 6630K, committed 6744K, reserved 1048576K
}
Event: 10.012 GC heap after
{Heap after GC invocations=24 (full 2):
 PSYoungGen      total 21504K, used 1536K [0x00000000eab00000, 0x00000000ec680000, 0x0000000100000000)
  eden space 19968K, 0% used [0x00000000eab00000,0x00000000eab00000,0x00000000ebe80000)
  from space 1536K, 100% used [0x00000000ec200000,0x00000000ec380000,0x00000000ec380000)
  to   space 3584K, 0% used [0x00000000ebe80000,0x00000000ebe80000,0x00000000ec200000)
 ParOldGen       total 68608K, used 29143K [0x00000000c0000000, 0x00000000c4300000, 0x00000000eab00000)
  object space 68608K, 42% used [0x00000000c0000000,0x00000000c1c75c58,0x00000000c4300000)
 Metaspace       used 52223K, capacity 54992K, committed 55128K, reserved 1097728K
  class space    used 5542K, capacity 6630K, committed 6744K, reserved 1048576K
}
Event: 10.072 GC heap before
{Heap before GC invocations=25 (full 2):
 PSYoungGen      total 21504K, used 21504K [0x00000000eab00000, 0x00000000ec680000, 0x0000000100000000)
  eden space 19968K, 100% used [0x00000000eab00000,0x00000000ebe80000,0x00000000ebe80000)
  from space 1536K, 100% used [0x00000000ec200000,0x00000000ec380000,0x00000000ec380000)
  to   space 3584K, 0% used [0x00000000ebe80000,0x00000000ebe80000,0x00000000ec200000)
 ParOldGen       total 68608K, used 29143K [0x00000000c0000000, 0x00000000c4300000, 0x00000000eab00000)
  object space 68608K, 42% used [0x00000000c0000000,0x00000000c1c75c58,0x00000000c4300000)
 Metaspace       used 52228K, capacity 55056K, committed 55384K, reserved 1097728K
  class space    used 5542K, capacity 6630K, committed 6744K, reserved 1048576K
}
Event: 10.080 GC heap after
{Heap after GC invocations=25 (full 2):
 PSYoungGen      total 22528K, used 2080K [0x00000000eab00000, 0x00000000ec380000, 0x0000000100000000)
  eden space 19968K, 0% used [0x00000000eab00000,0x00000000eab00000,0x00000000ebe80000)
  from space 2560K, 81% used [0x00000000ebe80000,0x00000000ec088010,0x00000000ec100000)
  to   space 2560K, 0% used [0x00000000ec100000,0x00000000ec100000,0x00000000ec380000)
 ParOldGen       total 68608K, used 30707K [0x00000000c0000000, 0x00000000c4300000, 0x00000000eab00000)
  object space 68608K, 44% used [0x00000000c0000000,0x00000000c1dfcfb0,0x00000000c4300000)
 Metaspace       used 52228K, capacity 55056K, committed 55384K, reserved 1097728K
  class space    used 5542K, capacity 6630K, committed 6744K, reserved 1048576K
}
Event: 10.136 GC heap before
{Heap before GC invocations=26 (full 2):
 PSYoungGen      total 22528K, used 22048K [0x00000000eab00000, 0x00000000ec380000, 0x0000000100000000)
  eden space 19968K, 100% used [0x00000000eab00000,0x00000000ebe80000,0x00000000ebe80000)
  from space 2560K, 81% used [0x00000000ebe80000,0x00000000ec088010,0x00000000ec100000)
  to   space 2560K, 0% used [0x00000000ec100000,0x00000000ec100000,0x00000000ec380000)
 ParOldGen       total 68608K, used 30707K [0x00000000c0000000, 0x00000000c4300000, 0x00000000eab00000)
  object space 68608K, 44% used [0x00000000c0000000,0x00000000c1dfcfb0,0x00000000c4300000)
 Metaspace       used 52229K, capacity 55056K, committed 55384K, reserved 1097728K
  class space    used 5542K, capacity 6630K, committed 6744K, reserved 1048576K
}
Event: 10.142 GC heap after
{Heap after GC invocations=26 (full 2):
 PSYoungGen      total 22016K, used 1856K [0x00000000eab00000, 0x00000000ec300000, 0x0000000100000000)
  eden space 19968K, 0% used [0x00000000eab00000,0x00000000eab00000,0x00000000ebe80000)
  from space 2048K, 90% used [0x00000000ec100000,0x00000000ec2d0000,0x00000000ec300000)
  to   space 2048K, 0% used [0x00000000ebf00000,0x00000000ebf00000,0x00000000ec100000)
 ParOldGen       total 68608K, used 32683K [0x00000000c0000000, 0x00000000c4300000, 0x00000000eab00000)
  object space 68608K, 47% used [0x00000000c0000000,0x00000000c1feafc0,0x00000000c4300000)
 Metaspace       used 52229K, capacity 55056K, committed 55384K, reserved 1097728K
  class space    used 5542K, capacity 6630K, committed 6744K, reserved 1048576K
}
Event: 10.258 GC heap before
{Heap before GC invocations=27 (full 2):
 PSYoungGen      total 22016K, used 21824K [0x00000000eab00000, 0x00000000ec300000, 0x0000000100000000)
  eden space 19968K, 100% used [0x00000000eab00000,0x00000000ebe80000,0x00000000ebe80000)
  from space 2048K, 90% used [0x00000000ec100000,0x00000000ec2d0000,0x00000000ec300000)
  to   space 2048K, 0% used [0x00000000ebf00000,0x00000000ebf00000,0x00000000ec100000)
 ParOldGen       total 68608K, used 32683K [0x00000000c0000000, 0x00000000c4300000, 0x00000000eab00000)
  object space 68608K, 47% used [0x00000000c0000000,0x00000000c1feafc0,0x00000000c4300000)
 Metaspace       used 52367K, capacity 55134K, committed 55384K, reserved 1097728K
  class space    used 5553K, capacity 6634K, committed 6744K, reserved 1048576K
}
Event: 10.264 GC heap after
{Heap after GC invocations=27 (full 2):
 PSYoungGen      total 22016K, used 2048K [0x00000000eab00000, 0x00000000ec780000, 0x0000000100000000)
  eden space 19968K, 0% used [0x00000000eab00000,0x00000000eab00000,0x00000000ebe80000)
  from space 2048K, 100% used [0x00000000ebf00000,0x00000000ec100000,0x00000000ec100000)
  to   space 4608K, 0% used [0x00000000ec300000,0x00000000ec300000,0x00000000ec780000)
 ParOldGen       total 68608K, used 34722K [0x00000000c0000000, 0x00000000c4300000, 0x00000000eab00000)
  object space 68608K, 50% used [0x00000000c0000000,0x00000000c21e8840,0x00000000c4300000)
 Metaspace       used 52367K, capacity 55134K, committed 55384K, reserved 1097728K
  class space    used 5553K, capacity 6634K, committed 6744K, reserved 1048576K
}

