# JRE version: OpenJDK Runtime Environment AdoptOpenJDK (11.0.8+10) (build 11.0.8+10)
# Java VM: OpenJDK 64-Bit Server VM AdoptOpenJDK (11.0.8+10, mixed mode, tiered, compressed oops, parallel gc, windows-amd64)
Heap:
 PSYoungGen      total 24064K, used 16893K [0x00000000eab00000, 0x00000000ec680000, 0x0000000100000000)
  eden space 22016K, 72% used [0x00000000eab00000,0x00000000eba8d578,0x00000000ec080000)
  from space 2048K, 47% used [0x00000000ec300000,0x00000000ec3f2238,0x00000000ec500000)
  to   space 1536K, 0% used [0x00000000ec500000,0x00000000ec500000,0x00000000ec680000)
 ParOldGen       total 68608K, used 13668K [0x00000000c0000000, 0x00000000c4300000, 0x00000000eab00000)
  object space 68608K, 19% used [0x00000000c0000000,0x00000000c0d59350,0x00000000c4300000)
 Metaspace       used 38134K, capacity 40598K, committed 40664K, reserved 1085440K
  class space    used 3938K, capacity 4790K, committed 4824K, reserved 1048576K
GC Heap History (20 events):
Event: 3.348 GC heap before
{Heap before GC invocations=4 (full 0):
 PSYoungGen      total 29696K, used 10800K [0x00000000eab00000, 0x00000000ecc00000, 0x0000000100000000)
  eden space 25600K, 26% used [0x00000000eab00000,0x00000000eb192640,0x00000000ec400000)
  from space 4096K, 99% used [0x00000000ec400000,0x00000000ec7f9a50,0x00000000ec800000)
  to   space 4096K, 0% used [0x00000000ec800000,0x00000000ec800000,0x00000000ecc00000)
 ParOldGen       total 68608K, used 2727K [0x00000000c0000000, 0x00000000c4300000, 0x00000000eab00000)
  object space 68608K, 3% used [0x00000000c0000000,0x00000000c02a9d20,0x00000000c4300000)
 Metaspace       used 20091K, capacity 21053K, committed 21248K, reserved 1069056K
  class space    used 1903K, capacity 2275K, committed 2304K, reserved 1048576K
}
Event: 3.354 GC heap after
{Heap after GC invocations=4 (full 0):
 PSYoungGen      total 29696K, used 4086K [0x00000000eab00000, 0x00000000ecc00000, 0x0000000100000000)
  eden space 25600K, 0% used [0x00000000eab00000,0x00000000eab00000,0x00000000ec400000)
  from space 4096K, 99% used [0x00000000ec800000,0x00000000ecbfda40,0x00000000ecc00000)
  to   space 4096K, 0% used [0x00000000ec400000,0x00000000ec400000,0x00000000ec800000)
 ParOldGen       total 68608K, used 3117K [0x00000000c0000000, 0x00000000c4300000, 0x00000000eab00000)
  object space 68608K, 4% used [0x00000000c0000000,0x00000000c030b560,0x00000000c4300000)
 Metaspace       used 20091K, capacity 21053K, committed 21248K, reserved 1069056K
  class space    used 1903K, capacity 2275K, committed 2304K, reserved 1048576K
}
Event: 3.354 GC heap before
{Heap before GC invocations=5 (full 1):
 PSYoungGen      total 29696K, used 4086K [0x00000000eab00000, 0x00000000ecc00000, 0x0000000100000000)
  eden space 25600K, 0% used [0x00000000eab00000,0x00000000eab00000,0x00000000ec400000)
  from space 4096K, 99% used [0x00000000ec800000,0x00000000ecbfda40,0x00000000ecc00000)
  to   space 4096K, 0% used [0x00000000ec400000,0x00000000ec400000,0x00000000ec800000)
 ParOldGen       total 68608K, used 3117K [0x00000000c0000000, 0x00000000c4300000, 0x00000000eab00000)
  object space 68608K, 4% used [0x00000000c0000000,0x00000000c030b560,0x00000000c4300000)
 Metaspace       used 20091K, capacity 21053K, committed 21248K, reserved 1069056K
  class space    used 1903K, capacity 2275K, committed 2304K, reserved 1048576K
}
Event: 3.411 GC heap after
{Heap after GC invocations=5 (full 1):
 PSYoungGen      total 29696K, used 0K [0x00000000eab00000, 0x00000000ecc00000, 0x0000000100000000)
  eden space 25600K, 0% used [0x00000000eab00000,0x00000000eab00000,0x00000000ec400000)
  from space 4096K, 0% used [0x00000000ec800000,0x00000000ec800000,0x00000000ecc00000)
  to   space 4096K, 0% used [0x00000000ec400000,0x00000000ec400000,0x00000000ec800000)
 ParOldGen       total 68608K, used 7052K [0x00000000c0000000, 0x00000000c4300000, 0x00000000eab00000)
  object space 68608K, 10% used [0x00000000c0000000,0x00000000c06e3218,0x00000000c4300000)
 Metaspace       used 20091K, capacity 21053K, committed 21248K, reserved 1069056K
  class space    used 1903K, capacity 2275K, committed 2304K, reserved 1048576K
}
Event: 3.778 GC heap before
{Heap before GC invocations=6 (full 1):
 PSYoungGen      total 29696K, used 25600K [0x00000000eab00000, 0x00000000ecc00000, 0x0000000100000000)
  eden space 25600K, 100% used [0x00000000eab00000,0x00000000ec400000,0x00000000ec400000)
  from space 4096K, 0% used [0x00000000ec800000,0x00000000ec800000,0x00000000ecc00000)
  to   space 4096K, 0% used [0x00000000ec400000,0x00000000ec400000,0x00000000ec800000)
 ParOldGen       total 68608K, used 7052K [0x00000000c0000000, 0x00000000c4300000, 0x00000000eab00000)
  object space 68608K, 10% used [0x00000000c0000000,0x00000000c06e3218,0x00000000c4300000)
 Metaspace       used 23668K, capacity 24928K, committed 24960K, reserved 1071104K
  class space    used 2176K, capacity 2674K, committed 2688K, reserved 1048576K
}
Event: 3.780 GC heap after
{Heap after GC invocations=6 (full 1):
 PSYoungGen      total 26624K, used 1305K [0x00000000eab00000, 0x00000000ec980000, 0x0000000100000000)
  eden space 25088K, 0% used [0x00000000eab00000,0x00000000eab00000,0x00000000ec380000)
  from space 1536K, 84% used [0x00000000ec400000,0x00000000ec546468,0x00000000ec580000)
  to   space 3072K, 0% used [0x00000000ec680000,0x00000000ec680000,0x00000000ec980000)
 ParOldGen       total 68608K, used 7060K [0x00000000c0000000, 0x00000000c4300000, 0x00000000eab00000)
  object space 68608K, 10% used [0x00000000c0000000,0x00000000c06e5218,0x00000000c4300000)
 Metaspace       used 23668K, capacity 24928K, committed 24960K, reserved 1071104K
  class space    used 2176K, capacity 2674K, committed 2688K, reserved 1048576K
}
Event: 4.221 GC heap before
{Heap before GC invocations=7 (full 1):
 PSYoungGen      total 26624K, used 26393K [0x00000000eab00000, 0x00000000ec980000, 0x0000000100000000)
  eden space 25088K, 100% used [0x00000000eab00000,0x00000000ec380000,0x00000000ec380000)
  from space 1536K, 84% used [0x00000000ec400000,0x00000000ec546468,0x00000000ec580000)
  to   space 3072K, 0% used [0x00000000ec680000,0x00000000ec680000,0x00000000ec980000)
 ParOldGen       total 68608K, used 7060K [0x00000000c0000000, 0x00000000c4300000, 0x00000000eab00000)
  object space 68608K, 10% used [0x00000000c0000000,0x00000000c06e5218,0x00000000c4300000)
 Metaspace       used 27288K, capacity 29044K, committed 29184K, reserved 1075200K
  class space    used 2572K, capacity 3229K, committed 3328K, reserved 1048576K
}
Event: 4.224 GC heap after
{Heap after GC invocations=7 (full 1):
 PSYoungGen      total 27136K, used 3063K [0x00000000eab00000, 0x00000000ecb00000, 0x0000000100000000)
  eden space 24064K, 0% used [0x00000000eab00000,0x00000000eab00000,0x00000000ec280000)
  from space 3072K, 99% used [0x00000000ec680000,0x00000000ec97dd58,0x00000000ec980000)
  to   space 4096K, 0% used [0x00000000ec280000,0x00000000ec280000,0x00000000ec680000)
 ParOldGen       total 68608K, used 7243K [0x00000000c0000000, 0x00000000c4300000, 0x00000000eab00000)
  object space 68608K, 10% used [0x00000000c0000000,0x00000000c0712e40,0x00000000c4300000)
 Metaspace       used 27288K, capacity 29044K, committed 29184K, reserved 1075200K
  class space    used 2572K, capacity 3229K, committed 3328K, reserved 1048576K
}
Event: 4.667 GC heap before
{Heap before GC invocations=8 (full 1):
 PSYoungGen      total 27136K, used 27127K [0x00000000eab00000, 0x00000000ecb00000, 0x0000000100000000)
  eden space 24064K, 100% used [0x00000000eab00000,0x00000000ec280000,0x00000000ec280000)
  from space 3072K, 99% used [0x00000000ec680000,0x00000000ec97dd58,0x00000000ec980000)
  to   space 4096K, 0% used [0x00000000ec280000,0x00000000ec280000,0x00000000ec680000)
 ParOldGen       total 68608K, used 7243K [0x00000000c0000000, 0x00000000c4300000, 0x00000000eab00000)
  object space 68608K, 10% used [0x00000000c0000000,0x00000000c0712e40,0x00000000c4300000)
 Metaspace       used 30136K, capacity 32221K, committed 32384K, reserved 1077248K
  class space    used 2903K, capacity 3661K, committed 3712K, reserved 1048576K
}
Event: 4.672 GC heap after
{Heap after GC invocations=8 (full 1):
 PSYoungGen      total 27648K, used 4077K [0x00000000eab00000, 0x00000000ece00000, 0x0000000100000000)
  eden space 23552K, 0% used [0x00000000eab00000,0x00000000eab00000,0x00000000ec200000)
  from space 4096K, 99% used [0x00000000ec280000,0x00000000ec67b508,0x00000000ec680000)
  to   space 6144K, 0% used [0x00000000ec800000,0x00000000ec800000,0x00000000ece00000)
 ParOldGen       total 68608K, used 8604K [0x00000000c0000000, 0x00000000c4300000, 0x00000000eab00000)
  object space 68608K, 12% used [0x00000000c0000000,0x00000000c0867270,0x00000000c4300000)
 Metaspace       used 30136K, capacity 32221K, committed 32384K, reserved 1077248K
  class space    used 2903K, capacity 3661K, committed 3712K, reserved 1048576K
}
Event: 4.933 GC heap before
{Heap before GC invocations=9 (full 1):
 PSYoungGen      total 27648K, used 27629K [0x00000000eab00000, 0x00000000ece00000, 0x0000000100000000)
  eden space 23552K, 100% used [0x00000000eab00000,0x00000000ec200000,0x00000000ec200000)
  from space 4096K, 99% used [0x00000000ec280000,0x00000000ec67b508,0x00000000ec680000)
  to   space 6144K, 0% used [0x00000000ec800000,0x00000000ec800000,0x00000000ece00000)
 ParOldGen       total 68608K, used 8604K [0x00000000c0000000, 0x00000000c4300000, 0x00000000eab00000)
  object space 68608K, 12% used [0x00000000c0000000,0x00000000c0867270,0x00000000c4300000)
 Metaspace       used 32989K, capacity 35228K, committed 35328K, reserved 1081344K
  class space    used 3291K, capacity 4084K, committed 4096K, reserved 1048576K
}
Event: 4.939 GC heap after
{Heap after GC invocations=9 (full 1):
 PSYoungGen      total 28160K, used 4705K [0x00000000eab00000, 0x00000000ecd00000, 0x0000000100000000)
  eden space 23040K, 0% used [0x00000000eab00000,0x00000000eab00000,0x00000000ec180000)
  from space 5120K, 91% used [0x00000000ec800000,0x00000000ecc98580,0x00000000ecd00000)
  to   space 5120K, 0% used [0x00000000ec300000,0x00000000ec300000,0x00000000ec800000)
 ParOldGen       total 68608K, used 8612K [0x00000000c0000000, 0x00000000c4300000, 0x00000000eab00000)
  object space 68608K, 12% used [0x00000000c0000000,0x00000000c0869270,0x00000000c4300000)
 Metaspace       used 32989K, capacity 35228K, committed 35328K, reserved 1081344K
  class space    used 3291K, capacity 4084K, committed 4096K, reserved 1048576K
}
Event: 4.963 GC heap before
{Heap before GC invocations=10 (full 1):
 PSYoungGen      total 28160K, used 7310K [0x00000000eab00000, 0x00000000ecd00000, 0x0000000100000000)
  eden space 23040K, 11% used [0x00000000eab00000,0x00000000ead8b388,0x00000000ec180000)
  from space 5120K, 91% used [0x00000000ec800000,0x00000000ecc98580,0x00000000ecd00000)
  to   space 5120K, 0% used [0x00000000ec300000,0x00000000ec300000,0x00000000ec800000)
 ParOldGen       total 68608K, used 8612K [0x00000000c0000000, 0x00000000c4300000, 0x00000000eab00000)
  object space 68608K, 12% used [0x00000000c0000000,0x00000000c0869270,0x00000000c4300000)
 Metaspace       used 33142K, capacity 35330K, committed 35416K, reserved 1081344K
  class space    used 3311K, capacity 4117K, committed 4184K, reserved 1048576K
}
Event: 4.967 GC heap after
{Heap after GC invocations=10 (full 1):
 PSYoungGen      total 26112K, used 2900K [0x00000000eab00000, 0x00000000ec980000, 0x0000000100000000)
  eden space 23040K, 0% used [0x00000000eab00000,0x00000000eab00000,0x00000000ec180000)
  from space 3072K, 94% used [0x00000000ec300000,0x00000000ec5d50c0,0x00000000ec600000)
  to   space 3584K, 0% used [0x00000000ec600000,0x00000000ec600000,0x00000000ec980000)
 ParOldGen       total 68608K, used 10462K [0x00000000c0000000, 0x00000000c4300000, 0x00000000eab00000)
  object space 68608K, 15% used [0x00000000c0000000,0x00000000c0a37bd0,0x00000000c4300000)
 Metaspace       used 33142K, capacity 35330K, committed 35416K, reserved 1081344K
  class space    used 3311K, capacity 4117K, committed 4184K, reserved 1048576K
}
Event: 4.967 GC heap before
{Heap before GC invocations=11 (full 2):
 PSYoungGen      total 26112K, used 2900K [0x00000000eab00000, 0x00000000ec980000, 0x0000000100000000)
  eden space 23040K, 0% used [0x00000000eab00000,0x00000000eab00000,0x00000000ec180000)
  from space 3072K, 94% used [0x00000000ec300000,0x00000000ec5d50c0,0x00000000ec600000)
  to   space 3584K, 0% used [0x00000000ec600000,0x00000000ec600000,0x00000000ec980000)
 ParOldGen       total 68608K, used 10462K [0x00000000c0000000, 0x00000000c4300000, 0x00000000eab00000)
  object space 68608K, 15% used [0x00000000c0000000,0x00000000c0a37bd0,0x00000000c4300000)
 Metaspace       used 33142K, capacity 35330K, committed 35416K, reserved 1081344K
  class space    used 3311K, capacity 4117K, committed 4184K, reserved 1048576K
}
Event: 5.062 GC heap after
{Heap after GC invocations=11 (full 2):
 PSYoungGen      total 26112K, used 0K [0x00000000eab00000, 0x00000000ec980000, 0x0000000100000000)
  eden space 23040K, 0% used [0x00000000eab00000,0x00000000eab00000,0x00000000ec180000)
  from space 3072K, 0% used [0x00000000ec300000,0x00000000ec300000,0x00000000ec600000)
  to   space 3584K, 0% used [0x00000000ec600000,0x00000000ec600000,0x00000000ec980000)
 ParOldGen       total 68608K, used 12886K [0x00000000c0000000, 0x00000000c4300000, 0x00000000eab00000)
  object space 68608K, 18% used [0x00000000c0000000,0x00000000c0c95800,0x00000000c4300000)
 Metaspace       used 33142K, capacity 35330K, committed 35416K, reserved 1081344K
  class space    used 3311K, capacity 4117K, committed 4184K, reserved 1048576K
}
Event: 5.340 GC heap before
{Heap before GC invocations=12 (full 2):
 PSYoungGen      total 26112K, used 23040K [0x00000000eab00000, 0x00000000ec980000, 0x0000000100000000)
  eden space 23040K, 100% used [0x00000000eab00000,0x00000000ec180000,0x00000000ec180000)
  from space 3072K, 0% used [0x00000000ec300000,0x00000000ec300000,0x00000000ec600000)
  to   space 3584K, 0% used [0x00000000ec600000,0x00000000ec600000,0x00000000ec980000)
 ParOldGen       total 68608K, used 12886K [0x00000000c0000000, 0x00000000c4300000, 0x00000000eab00000)
  object space 68608K, 18% used [0x00000000c0000000,0x00000000c0c95800,0x00000000c4300000)
 Metaspace       used 35112K, capacity 37616K, committed 37848K, reserved 1083392K
  class space    used 3576K, capacity 4433K, committed 4568K, reserved 1048576K
}
Event: 5.345 GC heap after
{Heap after GC invocations=12 (full 2):
 PSYoungGen      total 23552K, used 965K [0x00000000eab00000, 0x00000000ec700000, 0x0000000100000000)
  eden space 22528K, 0% used [0x00000000eab00000,0x00000000eab00000,0x00000000ec100000)
  from space 1024K, 94% used [0x00000000ec600000,0x00000000ec6f1790,0x00000000ec700000)
  to   space 2048K, 0% used [0x00000000ec300000,0x00000000ec300000,0x00000000ec500000)
 ParOldGen       total 68608K, used 12894K [0x00000000c0000000, 0x00000000c4300000, 0x00000000eab00000)
  object space 68608K, 18% used [0x00000000c0000000,0x00000000c0c97800,0x00000000c4300000)
 Metaspace       used 35112K, capacity 37616K, committed 37848K, reserved 1083392K
  class space    used 3576K, capacity 4433K, committed 4568K, reserved 1048576K
}
Event: 5.732 GC heap before
{Heap before GC invocations=13 (full 2):
 PSYoungGen      total 23552K, used 23493K [0x00000000eab00000, 0x00000000ec700000, 0x0000000100000000)
  eden space 22528K, 100% used [0x00000000eab00000,0x00000000ec100000,0x00000000ec100000)
  from space 1024K, 94% used [0x00000000ec600000,0x00000000ec6f1790,0x00000000ec700000)
  to   space 2048K, 0% used [0x00000000ec300000,0x00000000ec300000,0x00000000ec500000)
 ParOldGen       total 68608K, used 12894K [0x00000000c0000000, 0x00000000c4300000, 0x00000000eab00000)
  object space 68608K, 18% used [0x00000000c0000000,0x00000000c0c97800,0x00000000c4300000)
 Metaspace       used 37014K, capacity 39584K, committed 39768K, reserved 1085440K
  class space    used 3801K, capacity 4639K, committed 4696K, reserved 1048576K
}
Event: 5.737 GC heap after
{Heap after GC invocations=13 (full 2):
 PSYoungGen      total 24064K, used 968K [0x00000000eab00000, 0x00000000ec680000, 0x0000000100000000)
  eden space 22016K, 0% used [0x00000000eab00000,0x00000000eab00000,0x00000000ec080000)
  from space 2048K, 47% used [0x00000000ec300000,0x00000000ec3f2238,0x00000000ec500000)
  to   space 1536K, 0% used [0x00000000ec500000,0x00000000ec500000,0x00000000ec680000)
 ParOldGen       total 68608K, used 13668K [0x00000000c0000000, 0x00000000c4300000, 0x00000000eab00000)
  object space 68608K, 19% used [0x00000000c0000000,0x00000000c0d59350,0x00000000c4300000)
 Metaspace       used 37014K, capacity 39584K, committed 39768K, reserved 1085440K
  class space    used 3801K, capacity 4639K, committed 4696K, reserved 1048576K
}

