# JRE version: OpenJDK Runtime Environment AdoptOpenJDK (11.0.8+10) (build 11.0.8+10)
# Java VM: OpenJDK 64-Bit Server VM AdoptOpenJDK (11.0.8+10, mixed mode, tiered, compressed oops, parallel gc, windows-amd64)
Heap:
 PSYoungGen      total 18432K, used 3393K [0x00000000eab00000, 0x00000000ec300000, 0x0000000100000000)
  eden space 17920K, 17% used [0x00000000eab00000,0x00000000eae07b28,0x00000000ebc80000)
  from space 512K, 56% used [0x00000000ec280000,0x00000000ec2c8c78,0x00000000ec300000)
  to   space 1024K, 0% used [0x00000000ec100000,0x00000000ec100000,0x00000000ec200000)
 ParOldGen       total 68608K, used 24376K [0x00000000c0000000, 0x00000000c4300000, 0x00000000eab00000)
  object space 68608K, 35% used [0x00000000c0000000,0x00000000c17ce288,0x00000000c4300000)
 Metaspace       used 34347K, capacity 36471K, committed 36824K, reserved 1081344K
  class space    used 3279K, capacity 4015K, committed 4096K, reserved 1048576K
GC Heap History (20 events):
Event: 7.074 GC heap before
{Heap before GC invocations=9 (full 1):
 PSYoungGen      total 27136K, used 27110K [0x00000000eab00000, 0x00000000ecb80000, 0x0000000100000000)
  eden space 24064K, 100% used [0x00000000eab00000,0x00000000ec280000,0x00000000ec280000)
  from space 3072K, 99% used [0x00000000ec300000,0x00000000ec5f9b90,0x00000000ec600000)
  to   space 4608K, 0% used [0x00000000ec700000,0x00000000ec700000,0x00000000ecb80000)
 ParOldGen       total 68608K, used 7228K [0x00000000c0000000, 0x00000000c4300000, 0x00000000eab00000)
  object space 68608K, 10% used [0x00000000c0000000,0x00000000c070f2e8,0x00000000c4300000)
 Metaspace       used 31028K, capacity 32926K, committed 33152K, reserved 1079296K
  class space    used 2989K, capacity 3709K, committed 3712K, reserved 1048576K
}
Event: 7.128 GC heap after
{Heap after GC invocations=9 (full 1):
 PSYoungGen      total 27648K, used 4601K [0x00000000eab00000, 0x00000000ecd00000, 0x0000000100000000)
  eden space 23040K, 0% used [0x00000000eab00000,0x00000000eab00000,0x00000000ec180000)
  from space 4608K, 99% used [0x00000000ec700000,0x00000000ecb7e438,0x00000000ecb80000)
  to   space 5632K, 0% used [0x00000000ec180000,0x00000000ec180000,0x00000000ec700000)
 ParOldGen       total 68608K, used 7580K [0x00000000c0000000, 0x00000000c4300000, 0x00000000eab00000)
  object space 68608K, 11% used [0x00000000c0000000,0x00000000c0767328,0x00000000c4300000)
 Metaspace       used 31028K, capacity 32926K, committed 33152K, reserved 1079296K
  class space    used 2989K, capacity 3709K, committed 3712K, reserved 1048576K
}
Event: 7.264 GC heap before
{Heap before GC invocations=10 (full 1):
 PSYoungGen      total 27648K, used 27641K [0x00000000eab00000, 0x00000000ecd00000, 0x0000000100000000)
  eden space 23040K, 100% used [0x00000000eab00000,0x00000000ec180000,0x00000000ec180000)
  from space 4608K, 99% used [0x00000000ec700000,0x00000000ecb7e438,0x00000000ecb80000)
  to   space 5632K, 0% used [0x00000000ec180000,0x00000000ec180000,0x00000000ec700000)
 ParOldGen       total 68608K, used 7580K [0x00000000c0000000, 0x00000000c4300000, 0x00000000eab00000)
  object space 68608K, 11% used [0x00000000c0000000,0x00000000c0767328,0x00000000c4300000)
 Metaspace       used 31077K, capacity 32926K, committed 33152K, reserved 1079296K
  class space    used 2990K, capacity 3709K, committed 3712K, reserved 1048576K
}
Event: 7.278 GC heap after
{Heap after GC invocations=10 (full 1):
 PSYoungGen      total 27648K, used 4672K [0x00000000eab00000, 0x00000000ecb00000, 0x0000000100000000)
  eden space 22528K, 0% used [0x00000000eab00000,0x00000000eab00000,0x00000000ec100000)
  from space 5120K, 91% used [0x00000000ec180000,0x00000000ec610030,0x00000000ec680000)
  to   space 4608K, 0% used [0x00000000ec680000,0x00000000ec680000,0x00000000ecb00000)
 ParOldGen       total 68608K, used 9324K [0x00000000c0000000, 0x00000000c4300000, 0x00000000eab00000)
  object space 68608K, 13% used [0x00000000c0000000,0x00000000c091b1a8,0x00000000c4300000)
 Metaspace       used 31077K, capacity 32926K, committed 33152K, reserved 1079296K
  class space    used 2990K, capacity 3709K, committed 3712K, reserved 1048576K
}
Event: 7.454 GC heap before
{Heap before GC invocations=11 (full 1):
 PSYoungGen      total 27648K, used 27200K [0x00000000eab00000, 0x00000000ecb00000, 0x0000000100000000)
  eden space 22528K, 100% used [0x00000000eab00000,0x00000000ec100000,0x00000000ec100000)
  from space 5120K, 91% used [0x00000000ec180000,0x00000000ec610030,0x00000000ec680000)
  to   space 4608K, 0% used [0x00000000ec680000,0x00000000ec680000,0x00000000ecb00000)
 ParOldGen       total 68608K, used 9324K [0x00000000c0000000, 0x00000000c4300000, 0x00000000eab00000)
  object space 68608K, 13% used [0x00000000c0000000,0x00000000c091b1a8,0x00000000c4300000)
 Metaspace       used 31164K, capacity 33054K, committed 33152K, reserved 1079296K
  class space    used 2994K, capacity 3709K, committed 3712K, reserved 1048576K
}
Event: 7.479 GC heap after
{Heap after GC invocations=11 (full 1):
 PSYoungGen      total 26112K, used 3712K [0x00000000eab00000, 0x00000000eca80000, 0x0000000100000000)
  eden space 22016K, 0% used [0x00000000eab00000,0x00000000eab00000,0x00000000ec080000)
  from space 4096K, 90% used [0x00000000ec680000,0x00000000eca20010,0x00000000eca80000)
  to   space 4096K, 0% used [0x00000000ec280000,0x00000000ec280000,0x00000000ec680000)
 ParOldGen       total 68608K, used 12125K [0x00000000c0000000, 0x00000000c4300000, 0x00000000eab00000)
  object space 68608K, 17% used [0x00000000c0000000,0x00000000c0bd7780,0x00000000c4300000)
 Metaspace       used 31164K, capacity 33054K, committed 33152K, reserved 1079296K
  class space    used 2994K, capacity 3709K, committed 3712K, reserved 1048576K
}
Event: 7.603 GC heap before
{Heap before GC invocations=12 (full 1):
 PSYoungGen      total 26112K, used 25728K [0x00000000eab00000, 0x00000000eca80000, 0x0000000100000000)
  eden space 22016K, 100% used [0x00000000eab00000,0x00000000ec080000,0x00000000ec080000)
  from space 4096K, 90% used [0x00000000ec680000,0x00000000eca20010,0x00000000eca80000)
  to   space 4096K, 0% used [0x00000000ec280000,0x00000000ec280000,0x00000000ec680000)
 ParOldGen       total 68608K, used 12125K [0x00000000c0000000, 0x00000000c4300000, 0x00000000eab00000)
  object space 68608K, 17% used [0x00000000c0000000,0x00000000c0bd7780,0x00000000c4300000)
 Metaspace       used 31247K, capacity 33118K, committed 33152K, reserved 1079296K
  class space    used 3003K, capacity 3709K, committed 3712K, reserved 1048576K
}
Event: 7.619 GC heap after
{Heap after GC invocations=12 (full 1):
 PSYoungGen      total 24576K, used 2336K [0x00000000eab00000, 0x00000000ec700000, 0x0000000100000000)
  eden space 22016K, 0% used [0x00000000eab00000,0x00000000eab00000,0x00000000ec080000)
  from space 2560K, 91% used [0x00000000ec280000,0x00000000ec4c8010,0x00000000ec500000)
  to   space 2048K, 0% used [0x00000000ec500000,0x00000000ec500000,0x00000000ec700000)
 ParOldGen       total 68608K, used 15800K [0x00000000c0000000, 0x00000000c4300000, 0x00000000eab00000)
  object space 68608K, 23% used [0x00000000c0000000,0x00000000c0f6e2a8,0x00000000c4300000)
 Metaspace       used 31247K, capacity 33118K, committed 33152K, reserved 1079296K
  class space    used 3003K, capacity 3709K, committed 3712K, reserved 1048576K
}
Event: 7.733 GC heap before
{Heap before GC invocations=13 (full 1):
 PSYoungGen      total 24576K, used 24352K [0x00000000eab00000, 0x00000000ec700000, 0x0000000100000000)
  eden space 22016K, 100% used [0x00000000eab00000,0x00000000ec080000,0x00000000ec080000)
  from space 2560K, 91% used [0x00000000ec280000,0x00000000ec4c8010,0x00000000ec500000)
  to   space 2048K, 0% used [0x00000000ec500000,0x00000000ec500000,0x00000000ec700000)
 ParOldGen       total 68608K, used 15800K [0x00000000c0000000, 0x00000000c4300000, 0x00000000eab00000)
  object space 68608K, 23% used [0x00000000c0000000,0x00000000c0f6e2a8,0x00000000c4300000)
 Metaspace       used 31247K, capacity 33118K, committed 33152K, reserved 1079296K
  class space    used 3003K, capacity 3709K, committed 3712K, reserved 1048576K
}
Event: 7.747 GC heap after
{Heap after GC invocations=13 (full 1):
 PSYoungGen      total 23552K, used 2016K [0x00000000eab00000, 0x00000000eca80000, 0x0000000100000000)
  eden space 21504K, 0% used [0x00000000eab00000,0x00000000eab00000,0x00000000ec000000)
  from space 2048K, 98% used [0x00000000ec500000,0x00000000ec6f8010,0x00000000ec700000)
  to   space 5120K, 0% used [0x00000000ec000000,0x00000000ec000000,0x00000000ec500000)
 ParOldGen       total 68608K, used 18176K [0x00000000c0000000, 0x00000000c4300000, 0x00000000eab00000)
  object space 68608K, 26% used [0x00000000c0000000,0x00000000c11c0388,0x00000000c4300000)
 Metaspace       used 31247K, capacity 33118K, committed 33152K, reserved 1079296K
  class space    used 3003K, capacity 3709K, committed 3712K, reserved 1048576K
}
Event: 7.874 GC heap before
{Heap before GC invocations=14 (full 1):
 PSYoungGen      total 23552K, used 23520K [0x00000000eab00000, 0x00000000eca80000, 0x0000000100000000)
  eden space 21504K, 100% used [0x00000000eab00000,0x00000000ec000000,0x00000000ec000000)
  from space 2048K, 98% used [0x00000000ec500000,0x00000000ec6f8010,0x00000000ec700000)
  to   space 5120K, 0% used [0x00000000ec000000,0x00000000ec000000,0x00000000ec500000)
 ParOldGen       total 68608K, used 18176K [0x00000000c0000000, 0x00000000c4300000, 0x00000000eab00000)
  object space 68608K, 26% used [0x00000000c0000000,0x00000000c11c0388,0x00000000c4300000)
 Metaspace       used 31248K, capacity 33119K, committed 33152K, reserved 1079296K
  class space    used 3003K, capacity 3709K, committed 3712K, reserved 1048576K
}
Event: 7.884 GC heap after
{Heap after GC invocations=14 (full 1):
 PSYoungGen      total 23552K, used 1824K [0x00000000eab00000, 0x00000000ec600000, 0x0000000100000000)
  eden space 21504K, 0% used [0x00000000eab00000,0x00000000eab00000,0x00000000ec000000)
  from space 2048K, 89% used [0x00000000ec000000,0x00000000ec1c8000,0x00000000ec200000)
  to   space 3072K, 0% used [0x00000000ec300000,0x00000000ec300000,0x00000000ec600000)
 ParOldGen       total 68608K, used 20200K [0x00000000c0000000, 0x00000000c4300000, 0x00000000eab00000)
  object space 68608K, 29% used [0x00000000c0000000,0x00000000c13ba398,0x00000000c4300000)
 Metaspace       used 31248K, capacity 33119K, committed 33152K, reserved 1079296K
  class space    used 3003K, capacity 3709K, committed 3712K, reserved 1048576K
}
Event: 8.280 GC heap before
{Heap before GC invocations=15 (full 1):
 PSYoungGen      total 23552K, used 23328K [0x00000000eab00000, 0x00000000ec600000, 0x0000000100000000)
  eden space 21504K, 100% used [0x00000000eab00000,0x00000000ec000000,0x00000000ec000000)
  from space 2048K, 89% used [0x00000000ec000000,0x00000000ec1c8000,0x00000000ec200000)
  to   space 3072K, 0% used [0x00000000ec300000,0x00000000ec300000,0x00000000ec600000)
 ParOldGen       total 68608K, used 20200K [0x00000000c0000000, 0x00000000c4300000, 0x00000000eab00000)
  object space 68608K, 29% used [0x00000000c0000000,0x00000000c13ba398,0x00000000c4300000)
 Metaspace       used 31831K, capacity 33851K, committed 34048K, reserved 1079296K
  class space    used 3042K, capacity 3782K, committed 3840K, reserved 1048576K
}
Event: 8.296 GC heap after
{Heap after GC invocations=15 (full 1):
 PSYoungGen      total 20992K, used 3057K [0x00000000eab00000, 0x00000000ecd00000, 0x0000000100000000)
  eden space 17920K, 0% used [0x00000000eab00000,0x00000000eab00000,0x00000000ebc80000)
  from space 3072K, 99% used [0x00000000ec300000,0x00000000ec5fc410,0x00000000ec600000)
  to   space 6656K, 0% used [0x00000000ebc80000,0x00000000ebc80000,0x00000000ec300000)
 ParOldGen       total 68608K, used 22865K [0x00000000c0000000, 0x00000000c4300000, 0x00000000eab00000)
  object space 68608K, 33% used [0x00000000c0000000,0x00000000c1654698,0x00000000c4300000)
 Metaspace       used 31831K, capacity 33851K, committed 34048K, reserved 1079296K
  class space    used 3042K, capacity 3782K, committed 3840K, reserved 1048576K
}
Event: 8.602 GC heap before
{Heap before GC invocations=16 (full 1):
 PSYoungGen      total 20992K, used 20170K [0x00000000eab00000, 0x00000000ecd00000, 0x0000000100000000)
  eden space 17920K, 95% used [0x00000000eab00000,0x00000000ebbb6508,0x00000000ebc80000)
  from space 3072K, 99% used [0x00000000ec300000,0x00000000ec5fc410,0x00000000ec600000)
  to   space 6656K, 0% used [0x00000000ebc80000,0x00000000ebc80000,0x00000000ec300000)
 ParOldGen       total 68608K, used 22865K [0x00000000c0000000, 0x00000000c4300000, 0x00000000eab00000)
  object space 68608K, 33% used [0x00000000c0000000,0x00000000c1654698,0x00000000c4300000)
 Metaspace       used 33315K, capacity 35311K, committed 35416K, reserved 1081344K
  class space    used 3154K, capacity 3882K, committed 3968K, reserved 1048576K
}
Event: 8.611 GC heap after
{Heap after GC invocations=16 (full 1):
 PSYoungGen      total 18432K, used 357K [0x00000000eab00000, 0x00000000ec500000, 0x0000000100000000)
  eden space 17920K, 0% used [0x00000000eab00000,0x00000000eab00000,0x00000000ebc80000)
  from space 512K, 69% used [0x00000000ebc80000,0x00000000ebcd9450,0x00000000ebd00000)
  to   space 2560K, 0% used [0x00000000ec280000,0x00000000ec280000,0x00000000ec500000)
 ParOldGen       total 68608K, used 25402K [0x00000000c0000000, 0x00000000c4300000, 0x00000000eab00000)
  object space 68608K, 37% used [0x00000000c0000000,0x00000000c18ceae0,0x00000000c4300000)
 Metaspace       used 33315K, capacity 35311K, committed 35416K, reserved 1081344K
  class space    used 3154K, capacity 3882K, committed 3968K, reserved 1048576K
}
Event: 8.611 GC heap before
{Heap before GC invocations=17 (full 2):
 PSYoungGen      total 18432K, used 357K [0x00000000eab00000, 0x00000000ec500000, 0x0000000100000000)
  eden space 17920K, 0% used [0x00000000eab00000,0x00000000eab00000,0x00000000ebc80000)
  from space 512K, 69% used [0x00000000ebc80000,0x00000000ebcd9450,0x00000000ebd00000)
  to   space 2560K, 0% used [0x00000000ec280000,0x00000000ec280000,0x00000000ec500000)
 ParOldGen       total 68608K, used 25402K [0x00000000c0000000, 0x00000000c4300000, 0x00000000eab00000)
  object space 68608K, 37% used [0x00000000c0000000,0x00000000c18ceae0,0x00000000c4300000)
 Metaspace       used 33315K, capacity 35311K, committed 35416K, reserved 1081344K
  class space    used 3154K, capacity 3882K, committed 3968K, reserved 1048576K
}
Event: 8.757 GC heap after
{Heap after GC invocations=17 (full 2):
 PSYoungGen      total 18432K, used 0K [0x00000000eab00000, 0x00000000ec500000, 0x0000000100000000)
  eden space 17920K, 0% used [0x00000000eab00000,0x00000000eab00000,0x00000000ebc80000)
  from space 512K, 0% used [0x00000000ebc80000,0x00000000ebc80000,0x00000000ebd00000)
  to   space 2560K, 0% used [0x00000000ec280000,0x00000000ec280000,0x00000000ec500000)
 ParOldGen       total 68608K, used 24368K [0x00000000c0000000, 0x00000000c4300000, 0x00000000eab00000)
  object space 68608K, 35% used [0x00000000c0000000,0x00000000c17cc288,0x00000000c4300000)
 Metaspace       used 33315K, capacity 35311K, committed 35416K, reserved 1081344K
  class space    used 3154K, capacity 3882K, committed 3968K, reserved 1048576K
}
Event: 9.209 GC heap before
{Heap before GC invocations=18 (full 2):
 PSYoungGen      total 18432K, used 17920K [0x00000000eab00000, 0x00000000ec500000, 0x0000000100000000)
  eden space 17920K, 100% used [0x00000000eab00000,0x00000000ebc80000,0x00000000ebc80000)
  from space 512K, 0% used [0x00000000ebc80000,0x00000000ebc80000,0x00000000ebd00000)
  to   space 2560K, 0% used [0x00000000ec280000,0x00000000ec280000,0x00000000ec500000)
 ParOldGen       total 68608K, used 24368K [0x00000000c0000000, 0x00000000c4300000, 0x00000000eab00000)
  object space 68608K, 35% used [0x00000000c0000000,0x00000000c17cc288,0x00000000c4300000)
 Metaspace       used 34051K, capacity 36119K, committed 36312K, reserved 1081344K
  class space    used 3255K, capacity 3983K, committed 4096K, reserved 1048576K
}
Event: 9.218 GC heap after
{Heap after GC invocations=18 (full 2):
 PSYoungGen      total 18432K, used 291K [0x00000000eab00000, 0x00000000ec300000, 0x0000000100000000)
  eden space 17920K, 0% used [0x00000000eab00000,0x00000000eab00000,0x00000000ebc80000)
  from space 512K, 56% used [0x00000000ec280000,0x00000000ec2c8c78,0x00000000ec300000)
  to   space 1024K, 0% used [0x00000000ec100000,0x00000000ec100000,0x00000000ec200000)
 ParOldGen       total 68608K, used 24376K [0x00000000c0000000, 0x00000000c4300000, 0x00000000eab00000)
  object space 68608K, 35% used [0x00000000c0000000,0x00000000c17ce288,0x00000000c4300000)
 Metaspace       used 34051K, capacity 36119K, committed 36312K, reserved 1081344K
  class space    used 3255K, capacity 3983K, committed 4096K, reserved 1048576K
}

